Log file open, 04/07/20 19:49:28
LogWindows: Failed to load 'aqProf.dll' (GetLastError=126)
LogWindows: File 'aqProf.dll' does not exist
LogWindows: Failed to load 'VtuneApi.dll' (GetLastError=126)
LogWindows: File 'VtuneApi.dll' does not exist
LogWindows: Failed to load 'VtuneApi32e.dll' (GetLastError=126)
LogWindows: File 'VtuneApi32e.dll' does not exist
LogConsoleResponse: Display: Failed to find resolution value strings in scalability ini. Falling back to default.
LogInit: Display: Running engine for game: jumblejamBO
LogPlatformFile: Not using cached read wrapper
LogTaskGraph: Started task graph with 5 named threads and 14 total threads with 3 sets of task threads.
LogStats: Stats thread started at 0.085770
LogD3D11RHI: Loaded GFSDK_Aftermath_Lib.x64.dll
LogICUInternationalization: ICU TimeZone Detection - Raw Offset: +0:00, Platform Override: ''
LogPluginManager: Mounting plugin Paper2D
LogPluginManager: Mounting plugin AISupport
LogPluginManager: Mounting plugin LightPropagationVolume
LogPluginManager: Mounting plugin ActorLayerUtilities
LogPluginManager: Mounting plugin AnimationSharing
LogPluginManager: Mounting plugin CLionSourceCodeAccess
LogPluginManager: Mounting plugin CodeLiteSourceCodeAccess
LogPluginManager: Mounting plugin GitSourceControl
LogPluginManager: Mounting plugin KDevelopSourceCodeAccess
LogPluginManager: Mounting plugin NullSourceCodeAccess
LogPluginManager: Mounting plugin PerforceSourceControl
LogPluginManager: Mounting plugin PlasticSourceControl
LogPluginManager: Mounting plugin SubversionSourceControl
LogPluginManager: Mounting plugin UObjectPlugin
LogPluginManager: Mounting plugin VisualStudioCodeSourceCodeAccess
LogPluginManager: Mounting plugin VisualStudioSourceCodeAccess
LogPluginManager: Mounting plugin XCodeSourceCodeAccess
LogPluginManager: Mounting plugin AssetManagerEditor
LogPluginManager: Mounting plugin CryptoKeys
LogPluginManager: Mounting plugin CurveEditorTools
LogPluginManager: Mounting plugin DataValidation
LogPluginManager: Mounting plugin FacialAnimation
LogPluginManager: Mounting plugin GameplayTagsEditor
LogPluginManager: Mounting plugin MacGraphicsSwitching
LogPluginManager: Mounting plugin MaterialAnalyzer
LogPluginManager: Mounting plugin MobileLauncherProfileWizard
LogPluginManager: Mounting plugin PluginBrowser
LogPluginManager: Mounting plugin SpeedTreeImporter
LogPluginManager: Mounting plugin DatasmithContent
LogPluginManager: Mounting plugin VariantManagerContent
LogPluginManager: Mounting plugin AlembicImporter
LogPluginManager: Mounting plugin AutomationUtils
LogPluginManager: Mounting plugin BackChannel
LogPluginManager: Mounting plugin CharacterAI
LogPluginManager: Mounting plugin GeometryCache
LogPluginManager: Mounting plugin PlatformCrypto
LogPluginManager: Mounting plugin ProxyLODPlugin
LogPluginManager: Mounting plugin SkeletalReduction
LogPluginManager: Mounting plugin MagicLeap
LogPluginManager: Mounting plugin MagicLeapMedia
LogPluginManager: Mounting plugin MLSDK
LogPluginManager: Mounting plugin AndroidMedia
LogPluginManager: Mounting plugin AvfMedia
LogPluginManager: Mounting plugin ImgMedia
LogPluginManager: Mounting plugin MediaCompositing
LogPluginManager: Mounting plugin MediaPlayerEditor
LogPluginManager: Mounting plugin WebMMedia
LogPluginManager: Mounting plugin WmfMedia
LogPluginManager: Mounting plugin TcpMessaging
LogPluginManager: Mounting plugin UdpMessaging
LogPluginManager: Mounting plugin ActorSequence
LogPluginManager: Mounting plugin LevelSequenceEditor
LogPluginManager: Mounting plugin MatineeToLevelSequence
LogPluginManager: Mounting plugin NetcodeUnitTest
LogPluginManager: Mounting plugin NUTUnrealEngine4
LogPluginManager: Mounting plugin OnlineSubsystemGooglePlay
LogPluginManager: Mounting plugin OnlineSubsystemIOS
LogPluginManager: Mounting plugin OnlineSubsystem
LogPluginManager: Mounting plugin OnlineSubsystemNull
LogPluginManager: Mounting plugin OnlineSubsystemUtils
LogPluginManager: Mounting plugin LauncherChunkInstaller
LogPluginManager: Mounting plugin AndroidDeviceProfileSelector
LogPluginManager: Mounting plugin AndroidMoviePlayer
LogPluginManager: Mounting plugin AndroidPermission
LogPluginManager: Mounting plugin AppleImageUtils
LogPluginManager: Mounting plugin AppleMoviePlayer
LogPluginManager: Mounting plugin ArchVisCharacter
LogPluginManager: Mounting plugin AssetTags
LogPluginManager: Mounting plugin AudioCapture
LogPluginManager: Mounting plugin CableComponent
LogPluginManager: Mounting plugin CustomMeshComponent
LogPluginManager: Mounting plugin EditableMesh
LogPluginManager: Mounting plugin ExampleDeviceProfileSelector
LogPluginManager: Mounting plugin GoogleCloudMessaging
LogPluginManager: Mounting plugin IOSDeviceProfileSelector
LogPluginManager: Mounting plugin LinuxDeviceProfileSelector
LogPluginManager: Mounting plugin LocationServicesBPLibrary
LogPluginManager: Mounting plugin MobilePatchingUtils
LogPluginManager: Mounting plugin OculusVR
LogPluginManager: Mounting plugin PhysXVehicles
LogPluginManager: Mounting plugin PostSplashScreen
LogPluginManager: Mounting plugin ProceduralMeshComponent
LogPluginManager: Mounting plugin RuntimePhysXCooking
LogPluginManager: Mounting plugin SignificanceManager
LogPluginManager: Mounting plugin SteamVR
LogPluginManager: Mounting plugin WebMMoviePlayer
LogPluginManager: Mounting plugin WindowsMoviePlayer
LogPluginManager: Mounting plugin ScreenshotTools
LogInit: Using libcurl 7.55.1-DEV
LogInit:  - built for x86_64-pc-win32
LogInit:  - supports SSL with OpenSSL/1.1.1
LogInit:  - supports HTTP deflate (compression) using libz 1.2.8
LogInit:  - other features:
LogInit:      CURL_VERSION_SSL
LogInit:      CURL_VERSION_LIBZ
LogInit:      CURL_VERSION_IPV6
LogInit:      CURL_VERSION_ASYNCHDNS
LogInit:      CURL_VERSION_LARGEFILE
LogInit:      CURL_VERSION_IDN
LogInit:  CurlRequestOptions (configurable via config and command line):
LogInit:  - bVerifyPeer = true  - Libcurl will verify peer certificate
LogInit:  - bUseHttpProxy = false  - Libcurl will NOT use HTTP proxy
LogInit:  - bDontReuseConnections = false  - Libcurl will reuse connections
LogInit:  - MaxHostConnections = 16  - Libcurl will limit the number of connections to a host
LogInit:  - LocalHostAddr = Default
LogInit:  - BufferSize = 65536
LogOnline: OSS: Creating online subsystem instance for: NULL
LogInit: WinSock: version 1.1 (2.2), MaxSocks=32767, MaxUdp=65467
LogOnline: OSS: TryLoadSubsystemAndSetDefault: Loaded subsystem for module [NULL]
LogInit: Build: ++UE4+Release-4.24-CL-11590370
LogInit: Engine Version: 4.24.3-11590370+++UE4+Release-4.24
LogInit: Compatible Engine Version: 4.24.0-10570792+++UE4+Release-4.24
LogInit: Net CL: 10570792
LogInit: OS: Windows 10 (Release 1903) (), CPU: Intel(R) Core(TM) i5-4440 CPU @ 3.10GHz, GPU: Intel(R) HD Graphics 4600
LogInit: Compiled (64-bit): Feb 24 2020 15:39:18
LogInit: Compiled with Visual C++: 19.16.27032.01
LogInit: Build Configuration: Development
LogInit: Branch Name: ++UE4+Release-4.24
LogInit: Command Line: 
LogInit: Base Directory: S:/Games/Epic Games/UE4/UE_4.24/Engine/Binaries/Win64/
LogInit: Installed Engine Build: 1
LogDevObjectVersion: Number of dev versions registered: 25
LogDevObjectVersion:   Dev-Blueprints (B0D832E4-1F89-4F0D-ACCF-7EB736FD4AA2): 10
LogDevObjectVersion:   Dev-Build (E1C64328-A22C-4D53-A36C-8E866417BD8C): 0
LogDevObjectVersion:   Dev-Core (375EC13C-06E4-48FB-B500-84F0262A717E): 3
LogDevObjectVersion:   Dev-Editor (E4B068ED-F494-42E9-A231-DA0B2E46BB41): 37
LogDevObjectVersion:   Dev-Framework (CFFC743F-43B0-4480-9391-14DF171D2073): 36
LogDevObjectVersion:   Dev-Mobile (B02B49B5-BB20-44E9-A304-32B752E40360): 2
LogDevObjectVersion:   Dev-Networking (A4E4105C-59A1-49B5-A7C5-40C4547EDFEE): 0
LogDevObjectVersion:   Dev-Online (39C831C9-5AE6-47DC-9A44-9C173E1C8E7C): 0
LogDevObjectVersion:   Dev-Physics (78F01B33-EBEA-4F98-B9B4-84EACCB95AA2): 2
LogDevObjectVersion:   Dev-Platform (6631380F-2D4D-43E0-8009-CF276956A95A): 0
LogDevObjectVersion:   Dev-Rendering (12F88B9F-8875-4AFC-A67C-D90C383ABD29): 36
LogDevObjectVersion:   Dev-Sequencer (7B5AE74C-D270-4C10-A958-57980B212A5A): 11
LogDevObjectVersion:   Dev-VR (D7296918-1DD6-4BDD-9DE2-64A83CC13884): 2
LogDevObjectVersion:   Dev-LoadTimes (C2A15278-BFE7-4AFE-6C17-90FF531DF755): 1
LogDevObjectVersion:   Private-Geometry (6EACA3D4-40EC-4CC1-B786-8BED09428FC5): 3
LogDevObjectVersion:   Dev-AnimPhys (29E575DD-E0A3-4627-9D10-D276232CDCEA): 17
LogDevObjectVersion:   Dev-Anim (AF43A65D-7FD3-4947-9873-3E8ED9C1BB05): 2
LogDevObjectVersion:   Dev-ReflectionCapture (6B266CEC-1EC7-4B8F-A30B-E4D90942FC07): 1
LogDevObjectVersion:   Dev-Automation (0DF73D61-A23F-47EA-B727-89E90C41499A): 1
LogDevObjectVersion:   FortniteMain (601D1886-AC64-4F84-AA16-D3DE0DEAC7D6): 31
LogDevObjectVersion:   Dev-Enterprise (9DFFBCD6-494F-0158-E221-12823C92A888): 8
LogDevObjectVersion:   Dev-Niagara (F2AED0AC-9AFE-416F-8664-AA7FFA26D6FC): 1
LogDevObjectVersion:   Dev-Destruction (174F1F0B-B4C6-45A5-B13F-2EE8D0FB917D): 9
LogDevObjectVersion:   Dev-Physics-Ext (35F94A83-E258-406C-A318-09F59610247C): 8
LogDevObjectVersion:   Dev-CineCamera (B2E18506-4273-CFC2-A54E-F4BB758BBA07): 1
LogInit: Presizing for max 25165824 objects, including 0 objects not considered by GC, pre-allocating 0 bytes for permanent pool.
LogInit: Object subsystem initialized
LogConfig: Setting CVar [[con.DebugEarlyDefault:1]]
LogConfig: Setting CVar [[r.setres:1280x720]]
[2020.04.07-18.49.28:801][  0]LogConfig: Setting CVar [[r.VSync:0]]
[2020.04.07-18.49.28:801][  0]LogConfig: Setting CVar [[r.RHICmdBypass:0]]
[2020.04.07-18.49.28:801][  0]LogConfig: Applying CVar settings from Section [/Script/Engine.RendererSettings] File [S:/Games/game/Github Repository/JumbleJamRepoParty/jumblejamBO 4.24/Saved/Config/Windows/Engine.ini]
[2020.04.07-18.49.28:801][  0]LogConfig: Setting CVar [[r.GPUCrashDebugging:0]]
[2020.04.07-18.49.28:801][  0]LogConfig: Applying CVar settings from Section [/Script/Engine.RendererOverrideSettings] File [S:/Games/game/Github Repository/JumbleJamRepoParty/jumblejamBO 4.24/Saved/Config/Windows/Engine.ini]
[2020.04.07-18.49.28:801][  0]LogConfig: Applying CVar settings from Section [/Script/Engine.StreamingSettings] File [S:/Games/game/Github Repository/JumbleJamRepoParty/jumblejamBO 4.24/Saved/Config/Windows/Engine.ini]
[2020.04.07-18.49.28:801][  0]LogConfig: Setting CVar [[s.MinBulkDataSizeForAsyncLoading:131072]]
[2020.04.07-18.49.28:801][  0]LogConfig: Setting CVar [[s.AsyncLoadingThreadEnabled:0]]
[2020.04.07-18.49.28:801][  0]LogConfig: Setting CVar [[s.EventDrivenLoaderEnabled:1]]
[2020.04.07-18.49.28:801][  0]LogConfig: Setting CVar [[s.WarnIfTimeLimitExceeded:0]]
[2020.04.07-18.49.28:801][  0]LogConfig: Setting CVar [[s.TimeLimitExceededMultiplier:1.5]]
[2020.04.07-18.49.28:801][  0]LogConfig: Setting CVar [[s.TimeLimitExceededMinTime:0.005]]
[2020.04.07-18.49.28:801][  0]LogConfig: Setting CVar [[s.UseBackgroundLevelStreaming:1]]
[2020.04.07-18.49.28:801][  0]LogConfig: Setting CVar [[s.PriorityAsyncLoadingExtraTime:15.0]]
[2020.04.07-18.49.28:801][  0]LogConfig: Setting CVar [[s.LevelStreamingActorsUpdateTimeLimit:5.0]]
[2020.04.07-18.49.28:801][  0]LogConfig: Setting CVar [[s.PriorityLevelStreamingActorsUpdateExtraTime:5.0]]
[2020.04.07-18.49.28:801][  0]LogConfig: Setting CVar [[s.LevelStreamingComponentsRegistrationGranularity:10]]
[2020.04.07-18.49.28:801][  0]LogConfig: Setting CVar [[s.UnregisterComponentsTimeLimit:1.0]]
[2020.04.07-18.49.28:801][  0]LogConfig: Setting CVar [[s.LevelStreamingComponentsUnregistrationGranularity:5]]
[2020.04.07-18.49.28:801][  0]LogConfig: Setting CVar [[s.FlushStreamingOnExit:1]]
[2020.04.07-18.49.28:801][  0]LogConfig: Applying CVar settings from Section [/Script/Engine.GarbageCollectionSettings] File [S:/Games/game/Github Repository/JumbleJamRepoParty/jumblejamBO 4.24/Saved/Config/Windows/Engine.ini]
[2020.04.07-18.49.28:801][  0]LogConfig: Setting CVar [[gc.MaxObjectsNotConsideredByGC:1]]
[2020.04.07-18.49.28:801][  0]LogConfig: Setting CVar [[gc.SizeOfPermanentObjectPool:0]]
[2020.04.07-18.49.28:801][  0]LogConfig: Setting CVar [[gc.FlushStreamingOnGC:0]]
[2020.04.07-18.49.28:801][  0]LogConfig: Setting CVar [[gc.NumRetriesBeforeForcingGC:10]]
[2020.04.07-18.49.28:801][  0]LogConfig: Setting CVar [[gc.AllowParallelGC:1]]
[2020.04.07-18.49.28:801][  0]LogConfig: Setting CVar [[gc.TimeBetweenPurgingPendingKillObjects:61.1]]
[2020.04.07-18.49.28:801][  0]LogConfig: Setting CVar [[gc.MaxObjectsInEditor:25165824]]
[2020.04.07-18.49.28:801][  0]LogConfig: Setting CVar [[gc.IncrementalBeginDestroyEnabled:1]]
[2020.04.07-18.49.28:801][  0]LogConfig: Setting CVar [[gc.CreateGCClusters:1]]
[2020.04.07-18.49.28:801][  0]LogConfig: Setting CVar [[gc.MinGCClusterSize:5]]
[2020.04.07-18.49.28:801][  0]LogConfig: Setting CVar [[gc.ActorClusteringEnabled:0]]
[2020.04.07-18.49.28:801][  0]LogConfig: Setting CVar [[gc.BlueprintClusteringEnabled:0]]
[2020.04.07-18.49.28:801][  0]LogConfig: Setting CVar [[gc.UseDisregardForGCOnDedicatedServers:0]]
[2020.04.07-18.49.28:801][  0]LogConfig: Applying CVar settings from Section [/Script/Engine.NetworkSettings] File [S:/Games/game/Github Repository/JumbleJamRepoParty/jumblejamBO 4.24/Saved/Config/Windows/Engine.ini]
[2020.04.07-18.49.28:801][  0]LogConfig: Applying CVar settings from Section [/Script/UnrealEd.CookerSettings] File [S:/Games/game/Github Repository/JumbleJamRepoParty/jumblejamBO 4.24/Saved/Config/Windows/Engine.ini]
[2020.04.07-18.49.28:811][  0]LogConfig: Applying CVar settings from Section [ViewDistanceQuality@3] File [S:/Games/game/Github Repository/JumbleJamRepoParty/jumblejamBO 4.24/Saved/Config/Windows/Scalability.ini]
[2020.04.07-18.49.28:811][  0]LogConfig: Setting CVar [[r.SkeletalMeshLODBias:0]]
[2020.04.07-18.49.28:812][  0]LogConfig: Setting CVar [[r.ViewDistanceScale:1.0]]
[2020.04.07-18.49.28:812][  0]LogConfig: Applying CVar settings from Section [AntiAliasingQuality@3] File [S:/Games/game/Github Repository/JumbleJamRepoParty/jumblejamBO 4.24/Saved/Config/Windows/Scalability.ini]
[2020.04.07-18.49.28:812][  0]LogConfig: Setting CVar [[r.PostProcessAAQuality:4]]
[2020.04.07-18.49.28:812][  0]LogConfig: Applying CVar settings from Section [ShadowQuality@3] File [S:/Games/game/Github Repository/JumbleJamRepoParty/jumblejamBO 4.24/Saved/Config/Windows/Scalability.ini]
[2020.04.07-18.49.28:812][  0]LogConfig: Setting CVar [[r.LightFunctionQuality:1]]
[2020.04.07-18.49.28:812][  0]LogConfig: Setting CVar [[r.ShadowQuality:5]]
[2020.04.07-18.49.28:812][  0]LogConfig: Setting CVar [[r.Shadow.CSM.MaxCascades:10]]
[2020.04.07-18.49.28:812][  0]LogConfig: Setting CVar [[r.Shadow.MaxResolution:2048]]
[2020.04.07-18.49.28:812][  0]LogConfig: Setting CVar [[r.Shadow.MaxCSMResolution:2048]]
[2020.04.07-18.49.28:812][  0]LogConfig: Setting CVar [[r.Shadow.RadiusThreshold:0.01]]
[2020.04.07-18.49.28:812][  0]LogConfig: Setting CVar [[r.Shadow.DistanceScale:1.0]]
[2020.04.07-18.49.28:812][  0]LogConfig: Setting CVar [[r.Shadow.CSM.TransitionScale:1.0]]
[2020.04.07-18.49.28:812][  0]LogConfig: Setting CVar [[r.Shadow.PreShadowResolutionFactor:1.0]]
[2020.04.07-18.49.28:812][  0]LogConfig: Setting CVar [[r.DistanceFieldShadowing:1]]
[2020.04.07-18.49.28:812][  0]LogConfig: Setting CVar [[r.DistanceFieldAO:1]]
[2020.04.07-18.49.28:812][  0]LogConfig: Setting CVar [[r.AOQuality:2]]
[2020.04.07-18.49.28:812][  0]LogConfig: Setting CVar [[r.VolumetricFog:1]]
[2020.04.07-18.49.28:812][  0]LogConfig: Setting CVar [[r.VolumetricFog.GridPixelSize:8]]
[2020.04.07-18.49.28:812][  0]LogConfig: Setting CVar [[r.VolumetricFog.GridSizeZ:128]]
[2020.04.07-18.49.28:812][  0]LogConfig: Setting CVar [[r.VolumetricFog.HistoryMissSupersampleCount:4]]
[2020.04.07-18.49.28:812][  0]LogConfig: Setting CVar [[r.LightMaxDrawDistanceScale:1]]
[2020.04.07-18.49.28:812][  0]LogConfig: Setting CVar [[r.CapsuleShadows:1]]
[2020.04.07-18.49.28:812][  0]LogConfig: Applying CVar settings from Section [PostProcessQuality@3] File [S:/Games/game/Github Repository/JumbleJamRepoParty/jumblejamBO 4.24/Saved/Config/Windows/Scalability.ini]
[2020.04.07-18.49.28:812][  0]LogConfig: Setting CVar [[r.MotionBlurQuality:4]]
[2020.04.07-18.49.28:812][  0]LogConfig: Setting CVar [[r.AmbientOcclusionMipLevelFactor:0.4]]
[2020.04.07-18.49.28:812][  0]LogConfig: Setting CVar [[r.AmbientOcclusionMaxQuality:100]]
[2020.04.07-18.49.28:812][  0]LogConfig: Setting CVar [[r.AmbientOcclusionLevels:-1]]
[2020.04.07-18.49.28:812][  0]LogConfig: Setting CVar [[r.AmbientOcclusionRadiusScale:1.0]]
[2020.04.07-18.49.28:812][  0]LogConfig: Setting CVar [[r.DepthOfFieldQuality:2]]
[2020.04.07-18.49.28:812][  0]LogConfig: Setting CVar [[r.RenderTargetPoolMin:400]]
[2020.04.07-18.49.28:812][  0]LogConfig: Setting CVar [[r.LensFlareQuality:2]]
[2020.04.07-18.49.28:812][  0]LogConfig: Setting CVar [[r.SceneColorFringeQuality:1]]
[2020.04.07-18.49.28:812][  0]LogConfig: Setting CVar [[r.EyeAdaptationQuality:2]]
[2020.04.07-18.49.28:812][  0]LogConfig: Setting CVar [[r.BloomQuality:5]]
[2020.04.07-18.49.28:812][  0]LogConfig: Setting CVar [[r.FastBlurThreshold:100]]
[2020.04.07-18.49.28:812][  0]LogConfig: Setting CVar [[r.Upscale.Quality:3]]
[2020.04.07-18.49.28:812][  0]LogConfig: Setting CVar [[r.Tonemapper.GrainQuantization:1]]
[2020.04.07-18.49.28:812][  0]LogConfig: Setting CVar [[r.LightShaftQuality:1]]
[2020.04.07-18.49.28:812][  0]LogConfig: Setting CVar [[r.Filter.SizeScale:1]]
[2020.04.07-18.49.28:812][  0]LogConfig: Setting CVar [[r.Tonemapper.Quality:5]]
[2020.04.07-18.49.28:812][  0]LogConfig: Setting CVar [[r.DOF.Gather.AccumulatorQuality:1        ; higher gathering accumulator quality]]
[2020.04.07-18.49.28:812][  0]LogConfig: Setting CVar [[r.DOF.Gather.PostfilterMethod:1          ; Median3x3 postfilering method]]
[2020.04.07-18.49.28:812][  0]LogConfig: Setting CVar [[r.DOF.Gather.EnableBokehSettings:0       ; no bokeh simulation when gathering]]
[2020.04.07-18.49.28:812][  0]LogConfig: Setting CVar [[r.DOF.Gather.RingCount:4                 ; medium number of samples when gathering]]
[2020.04.07-18.49.28:812][  0]LogConfig: Setting CVar [[r.DOF.Scatter.ForegroundCompositing:1    ; additive foreground scattering]]
[2020.04.07-18.49.28:812][  0]LogConfig: Setting CVar [[r.DOF.Scatter.BackgroundCompositing:2    ; additive background scattering]]
[2020.04.07-18.49.28:812][  0]LogConfig: Setting CVar [[r.DOF.Scatter.EnableBokehSettings:1      ; bokeh simulation when scattering]]
[2020.04.07-18.49.28:812][  0]LogConfig: Setting CVar [[r.DOF.Scatter.MaxSpriteRatio:0.1         ; only a maximum of 10% of scattered bokeh]]
[2020.04.07-18.49.28:812][  0]LogConfig: Setting CVar [[r.DOF.Recombine.Quality:1                ; cheap slight out of focus]]
[2020.04.07-18.49.28:812][  0]LogConfig: Setting CVar [[r.DOF.Recombine.EnableBokehSettings:0    ; no bokeh simulation on slight out of focus]]
[2020.04.07-18.49.28:812][  0]LogConfig: Setting CVar [[r.DOF.TemporalAAQuality:1                ; more stable temporal accumulation]]
[2020.04.07-18.49.28:812][  0]LogConfig: Setting CVar [[r.DOF.Kernel.MaxForegroundRadius:0.025]]
[2020.04.07-18.49.28:812][  0]LogConfig: Setting CVar [[r.DOF.Kernel.MaxBackgroundRadius:0.025]]
[2020.04.07-18.49.28:813][  0]LogConfig: Applying CVar settings from Section [TextureQuality@3] File [S:/Games/game/Github Repository/JumbleJamRepoParty/jumblejamBO 4.24/Saved/Config/Windows/Scalability.ini]
[2020.04.07-18.49.28:813][  0]LogConfig: Setting CVar [[r.Streaming.MipBias:0]]
[2020.04.07-18.49.28:813][  0]LogConfig: Setting CVar [[r.Streaming.AmortizeCPUToGPUCopy:0]]
[2020.04.07-18.49.28:813][  0]LogConfig: Setting CVar [[r.Streaming.MaxNumTexturesToStreamPerFrame:0]]
[2020.04.07-18.49.28:813][  0]LogConfig: Setting CVar [[r.Streaming.Boost:1]]
[2020.04.07-18.49.28:813][  0]LogConfig: Setting CVar [[r.MaxAnisotropy:8]]
[2020.04.07-18.49.28:813][  0]LogConfig: Setting CVar [[r.VT.MaxAnisotropy:8]]
[2020.04.07-18.49.28:813][  0]LogConfig: Setting CVar [[r.Streaming.LimitPoolSizeToVRAM:0]]
[2020.04.07-18.49.28:813][  0]LogConfig: Setting CVar [[r.Streaming.PoolSize:1000]]
[2020.04.07-18.49.28:813][  0]LogConfig: Setting CVar [[r.Streaming.MaxEffectiveScreenSize:0]]
[2020.04.07-18.49.28:813][  0]LogConfig: Applying CVar settings from Section [EffectsQuality@3] File [S:/Games/game/Github Repository/JumbleJamRepoParty/jumblejamBO 4.24/Saved/Config/Windows/Scalability.ini]
[2020.04.07-18.49.28:813][  0]LogConfig: Setting CVar [[r.TranslucencyLightingVolumeDim:64]]
[2020.04.07-18.49.28:813][  0]LogConfig: Setting CVar [[r.RefractionQuality:2]]
[2020.04.07-18.49.28:813][  0]LogConfig: Setting CVar [[r.SSR.Quality:3]]
[2020.04.07-18.49.28:813][  0]LogConfig: Setting CVar [[r.SSR.HalfResSceneColor:0]]
[2020.04.07-18.49.28:813][  0]LogConfig: Setting CVar [[r.SceneColorFormat:4]]
[2020.04.07-18.49.28:813][  0]LogConfig: Setting CVar [[r.DetailMode:2]]
[2020.04.07-18.49.28:813][  0]LogConfig: Setting CVar [[r.TranslucencyVolumeBlur:1]]
[2020.04.07-18.49.28:813][  0]LogConfig: Setting CVar [[r.MaterialQualityLevel:1 ; High quality]]
[2020.04.07-18.49.28:813][  0]LogConfig: Setting CVar [[r.SSS.Scale:1]]
[2020.04.07-18.49.28:813][  0]LogConfig: Setting CVar [[r.SSS.SampleSet:2]]
[2020.04.07-18.49.28:813][  0]LogConfig: Setting CVar [[r.SSS.Quality:1]]
[2020.04.07-18.49.28:813][  0]LogConfig: Setting CVar [[r.SSS.HalfRes:1]]
[2020.04.07-18.49.28:813][  0]LogConfig: Setting CVar [[r.SSGI.Quality:3]]
[2020.04.07-18.49.28:813][  0]LogConfig: Setting CVar [[r.EmitterSpawnRateScale:1.0]]
[2020.04.07-18.49.28:813][  0]LogConfig: Setting CVar [[r.ParticleLightQuality:2]]
[2020.04.07-18.49.28:813][  0]LogConfig: Setting CVar [[r.SkyAtmosphere.AerialPerspectiveLUT.FastApplyOnOpaque:1 ; Always have FastSkyLUT 1 in this case to avoid wrong sky]]
[2020.04.07-18.49.28:813][  0]LogConfig: Setting CVar [[r.SkyAtmosphere.AerialPerspectiveLUT.SampleCountPerSlice:1]]
[2020.04.07-18.49.28:813][  0]LogConfig: Setting CVar [[r.SkyAtmosphere.AerialPerspectiveLUT.DepthResolution:16.0]]
[2020.04.07-18.49.28:813][  0]LogConfig: Setting CVar [[r.SkyAtmosphere.FastSkyLUT:1]]
[2020.04.07-18.49.28:813][  0]LogConfig: Setting CVar [[r.SkyAtmosphere.FastSkyLUT.SampleCountMin:4.0]]
[2020.04.07-18.49.28:813][  0]LogConfig: Setting CVar [[r.SkyAtmosphere.FastSkyLUT.SampleCountMax:32.0]]
[2020.04.07-18.49.28:813][  0]LogConfig: Setting CVar [[r.SkyAtmosphere.SampleCountMin:4.0]]
[2020.04.07-18.49.28:813][  0]LogConfig: Setting CVar [[r.SkyAtmosphere.SampleCountMax:32.0]]
[2020.04.07-18.49.28:813][  0]LogConfig: Setting CVar [[r.SkyAtmosphere.TransmittanceLUT.UseSmallFormat:0]]
[2020.04.07-18.49.28:813][  0]LogConfig: Setting CVar [[r.SkyAtmosphere.TransmittanceLUT.SampleCount:10.0]]
[2020.04.07-18.49.28:813][  0]LogConfig: Setting CVar [[r.SkyAtmosphere.MultiScatteringLUT.SampleCount:15.0]]
[2020.04.07-18.49.28:813][  0]LogConfig: Applying CVar settings from Section [FoliageQuality@3] File [S:/Games/game/Github Repository/JumbleJamRepoParty/jumblejamBO 4.24/Saved/Config/Windows/Scalability.ini]
[2020.04.07-18.49.28:813][  0]LogConfig: Setting CVar [[foliage.DensityScale:1.0]]
[2020.04.07-18.49.28:813][  0]LogConfig: Setting CVar [[grass.DensityScale:1.0]]
[2020.04.07-18.49.28:813][  0]LogConfig: Applying CVar settings from Section [ShadingQuality@3] File [S:/Games/game/Github Repository/JumbleJamRepoParty/jumblejamBO 4.24/Saved/Config/Windows/Scalability.ini]
[2020.04.07-18.49.28:813][  0]LogConfig: Setting CVar [[r.HairStrands.SkyLighting.SampleCount:16]]
[2020.04.07-18.49.28:813][  0]LogConfig: Setting CVar [[r.HairStrands.SkyLighting.JitterIntegration:0]]
[2020.04.07-18.49.28:813][  0]LogConfig: Setting CVar [[r.HairStrands.SkyAO.SampleCount:16]]
[2020.04.07-18.49.28:813][  0]LogInit: Selected Device Profile: [Windows]
[2020.04.07-18.49.28:813][  0]LogInit: Applying CVar settings loaded from the selected device profile: [Windows]
[2020.04.07-18.49.28:817][  0]LogHAL: Display: Platform has ~ 8 GB [8482172928 / 8589934592 / 8], which maps to Default [LargestMinGB=32, LargerMinGB=12, DefaultMinGB=8, SmallerMinGB=6, SmallestMinGB=0)
[2020.04.07-18.49.28:817][  0]LogInit: Going up to parent DeviceProfile []
[2020.04.07-18.49.28:818][  0]LogConfig: Applying CVar settings from Section [ViewDistanceQuality@3] File [S:/Games/game/Github Repository/JumbleJamRepoParty/jumblejamBO 4.24/Saved/Config/Windows/Scalability.ini]
[2020.04.07-18.49.28:818][  0]LogConfig: Setting CVar [[r.SkeletalMeshLODBias:0]]
[2020.04.07-18.49.28:818][  0]LogConfig: Setting CVar [[r.ViewDistanceScale:1.0]]
[2020.04.07-18.49.28:818][  0]LogConfig: Applying CVar settings from Section [AntiAliasingQuality@3] File [S:/Games/game/Github Repository/JumbleJamRepoParty/jumblejamBO 4.24/Saved/Config/Windows/Scalability.ini]
[2020.04.07-18.49.28:818][  0]LogConfig: Setting CVar [[r.PostProcessAAQuality:4]]
[2020.04.07-18.49.28:818][  0]LogConfig: Applying CVar settings from Section [ShadowQuality@3] File [S:/Games/game/Github Repository/JumbleJamRepoParty/jumblejamBO 4.24/Saved/Config/Windows/Scalability.ini]
[2020.04.07-18.49.28:818][  0]LogConfig: Setting CVar [[r.LightFunctionQuality:1]]
[2020.04.07-18.49.28:818][  0]LogConfig: Setting CVar [[r.ShadowQuality:5]]
[2020.04.07-18.49.28:818][  0]LogConfig: Setting CVar [[r.Shadow.CSM.MaxCascades:10]]
[2020.04.07-18.49.28:818][  0]LogConfig: Setting CVar [[r.Shadow.MaxResolution:2048]]
[2020.04.07-18.49.28:818][  0]LogConfig: Setting CVar [[r.Shadow.MaxCSMResolution:2048]]
[2020.04.07-18.49.28:818][  0]LogConfig: Setting CVar [[r.Shadow.RadiusThreshold:0.01]]
[2020.04.07-18.49.28:818][  0]LogConfig: Setting CVar [[r.Shadow.DistanceScale:1.0]]
[2020.04.07-18.49.28:818][  0]LogConfig: Setting CVar [[r.Shadow.CSM.TransitionScale:1.0]]
[2020.04.07-18.49.28:818][  0]LogConfig: Setting CVar [[r.Shadow.PreShadowResolutionFactor:1.0]]
[2020.04.07-18.49.28:818][  0]LogConfig: Setting CVar [[r.DistanceFieldShadowing:1]]
[2020.04.07-18.49.28:818][  0]LogConfig: Setting CVar [[r.DistanceFieldAO:1]]
[2020.04.07-18.49.28:818][  0]LogConfig: Setting CVar [[r.AOQuality:2]]
[2020.04.07-18.49.28:818][  0]LogConfig: Setting CVar [[r.VolumetricFog:1]]
[2020.04.07-18.49.28:818][  0]LogConfig: Setting CVar [[r.VolumetricFog.GridPixelSize:8]]
[2020.04.07-18.49.28:818][  0]LogConfig: Setting CVar [[r.VolumetricFog.GridSizeZ:128]]
[2020.04.07-18.49.28:818][  0]LogConfig: Setting CVar [[r.VolumetricFog.HistoryMissSupersampleCount:4]]
[2020.04.07-18.49.28:818][  0]LogConfig: Setting CVar [[r.LightMaxDrawDistanceScale:1]]
[2020.04.07-18.49.28:818][  0]LogConfig: Setting CVar [[r.CapsuleShadows:1]]
[2020.04.07-18.49.28:818][  0]LogConfig: Applying CVar settings from Section [PostProcessQuality@3] File [S:/Games/game/Github Repository/JumbleJamRepoParty/jumblejamBO 4.24/Saved/Config/Windows/Scalability.ini]
[2020.04.07-18.49.28:818][  0]LogConfig: Setting CVar [[r.MotionBlurQuality:4]]
[2020.04.07-18.49.28:818][  0]LogConfig: Setting CVar [[r.AmbientOcclusionMipLevelFactor:0.4]]
[2020.04.07-18.49.28:818][  0]LogConfig: Setting CVar [[r.AmbientOcclusionMaxQuality:100]]
[2020.04.07-18.49.28:818][  0]LogConfig: Setting CVar [[r.AmbientOcclusionLevels:-1]]
[2020.04.07-18.49.28:818][  0]LogConfig: Setting CVar [[r.AmbientOcclusionRadiusScale:1.0]]
[2020.04.07-18.49.28:818][  0]LogConfig: Setting CVar [[r.DepthOfFieldQuality:2]]
[2020.04.07-18.49.28:818][  0]LogConfig: Setting CVar [[r.RenderTargetPoolMin:400]]
[2020.04.07-18.49.28:818][  0]LogConfig: Setting CVar [[r.LensFlareQuality:2]]
[2020.04.07-18.49.28:818][  0]LogConfig: Setting CVar [[r.SceneColorFringeQuality:1]]
[2020.04.07-18.49.28:818][  0]LogConfig: Setting CVar [[r.EyeAdaptationQuality:2]]
[2020.04.07-18.49.28:818][  0]LogConfig: Setting CVar [[r.BloomQuality:5]]
[2020.04.07-18.49.28:818][  0]LogConfig: Setting CVar [[r.FastBlurThreshold:100]]
[2020.04.07-18.49.28:818][  0]LogConfig: Setting CVar [[r.Upscale.Quality:3]]
[2020.04.07-18.49.28:818][  0]LogConfig: Setting CVar [[r.Tonemapper.GrainQuantization:1]]
[2020.04.07-18.49.28:819][  0]LogConfig: Setting CVar [[r.LightShaftQuality:1]]
[2020.04.07-18.49.28:819][  0]LogConfig: Setting CVar [[r.Filter.SizeScale:1]]
[2020.04.07-18.49.28:819][  0]LogConfig: Setting CVar [[r.Tonemapper.Quality:5]]
[2020.04.07-18.49.28:819][  0]LogConfig: Setting CVar [[r.DOF.Gather.AccumulatorQuality:1        ; higher gathering accumulator quality]]
[2020.04.07-18.49.28:819][  0]LogConfig: Setting CVar [[r.DOF.Gather.PostfilterMethod:1          ; Median3x3 postfilering method]]
[2020.04.07-18.49.28:819][  0]LogConfig: Setting CVar [[r.DOF.Gather.EnableBokehSettings:0       ; no bokeh simulation when gathering]]
[2020.04.07-18.49.28:819][  0]LogConfig: Setting CVar [[r.DOF.Gather.RingCount:4                 ; medium number of samples when gathering]]
[2020.04.07-18.49.28:819][  0]LogConfig: Setting CVar [[r.DOF.Scatter.ForegroundCompositing:1    ; additive foreground scattering]]
[2020.04.07-18.49.28:819][  0]LogConfig: Setting CVar [[r.DOF.Scatter.BackgroundCompositing:2    ; additive background scattering]]
[2020.04.07-18.49.28:819][  0]LogConfig: Setting CVar [[r.DOF.Scatter.EnableBokehSettings:1      ; bokeh simulation when scattering]]
[2020.04.07-18.49.28:819][  0]LogConfig: Setting CVar [[r.DOF.Scatter.MaxSpriteRatio:0.1         ; only a maximum of 10% of scattered bokeh]]
[2020.04.07-18.49.28:819][  0]LogConfig: Setting CVar [[r.DOF.Recombine.Quality:1                ; cheap slight out of focus]]
[2020.04.07-18.49.28:819][  0]LogConfig: Setting CVar [[r.DOF.Recombine.EnableBokehSettings:0    ; no bokeh simulation on slight out of focus]]
[2020.04.07-18.49.28:819][  0]LogConfig: Setting CVar [[r.DOF.TemporalAAQuality:1                ; more stable temporal accumulation]]
[2020.04.07-18.49.28:819][  0]LogConfig: Setting CVar [[r.DOF.Kernel.MaxForegroundRadius:0.025]]
[2020.04.07-18.49.28:819][  0]LogConfig: Setting CVar [[r.DOF.Kernel.MaxBackgroundRadius:0.025]]
[2020.04.07-18.49.28:819][  0]LogConfig: Applying CVar settings from Section [TextureQuality@3] File [S:/Games/game/Github Repository/JumbleJamRepoParty/jumblejamBO 4.24/Saved/Config/Windows/Scalability.ini]
[2020.04.07-18.49.28:819][  0]LogConfig: Setting CVar [[r.Streaming.MipBias:0]]
[2020.04.07-18.49.28:819][  0]LogConfig: Setting CVar [[r.Streaming.AmortizeCPUToGPUCopy:0]]
[2020.04.07-18.49.28:819][  0]LogConfig: Setting CVar [[r.Streaming.MaxNumTexturesToStreamPerFrame:0]]
[2020.04.07-18.49.28:819][  0]LogConfig: Setting CVar [[r.Streaming.Boost:1]]
[2020.04.07-18.49.28:819][  0]LogConfig: Setting CVar [[r.MaxAnisotropy:8]]
[2020.04.07-18.49.28:819][  0]LogConfig: Setting CVar [[r.VT.MaxAnisotropy:8]]
[2020.04.07-18.49.28:819][  0]LogConfig: Setting CVar [[r.Streaming.LimitPoolSizeToVRAM:0]]
[2020.04.07-18.49.28:819][  0]LogConfig: Setting CVar [[r.Streaming.PoolSize:1000]]
[2020.04.07-18.49.28:819][  0]LogConfig: Setting CVar [[r.Streaming.MaxEffectiveScreenSize:0]]
[2020.04.07-18.49.28:819][  0]LogConfig: Applying CVar settings from Section [EffectsQuality@3] File [S:/Games/game/Github Repository/JumbleJamRepoParty/jumblejamBO 4.24/Saved/Config/Windows/Scalability.ini]
[2020.04.07-18.49.28:819][  0]LogConfig: Setting CVar [[r.TranslucencyLightingVolumeDim:64]]
[2020.04.07-18.49.28:819][  0]LogConfig: Setting CVar [[r.RefractionQuality:2]]
[2020.04.07-18.49.28:819][  0]LogConfig: Setting CVar [[r.SSR.Quality:3]]
[2020.04.07-18.49.28:819][  0]LogConfig: Setting CVar [[r.SSR.HalfResSceneColor:0]]
[2020.04.07-18.49.28:819][  0]LogConfig: Setting CVar [[r.SceneColorFormat:4]]
[2020.04.07-18.49.28:819][  0]LogConfig: Setting CVar [[r.DetailMode:2]]
[2020.04.07-18.49.28:819][  0]LogConfig: Setting CVar [[r.TranslucencyVolumeBlur:1]]
[2020.04.07-18.49.28:819][  0]LogConfig: Setting CVar [[r.MaterialQualityLevel:1 ; High quality]]
[2020.04.07-18.49.28:819][  0]LogConfig: Setting CVar [[r.SSS.Scale:1]]
[2020.04.07-18.49.28:819][  0]LogConfig: Setting CVar [[r.SSS.SampleSet:2]]
[2020.04.07-18.49.28:819][  0]LogConfig: Setting CVar [[r.SSS.Quality:1]]
[2020.04.07-18.49.28:819][  0]LogConfig: Setting CVar [[r.SSS.HalfRes:1]]
[2020.04.07-18.49.28:819][  0]LogConfig: Setting CVar [[r.SSGI.Quality:3]]
[2020.04.07-18.49.28:819][  0]LogConfig: Setting CVar [[r.EmitterSpawnRateScale:1.0]]
[2020.04.07-18.49.28:819][  0]LogConfig: Setting CVar [[r.ParticleLightQuality:2]]
[2020.04.07-18.49.28:819][  0]LogConfig: Setting CVar [[r.SkyAtmosphere.AerialPerspectiveLUT.FastApplyOnOpaque:1 ; Always have FastSkyLUT 1 in this case to avoid wrong sky]]
[2020.04.07-18.49.28:819][  0]LogConfig: Setting CVar [[r.SkyAtmosphere.AerialPerspectiveLUT.SampleCountPerSlice:1]]
[2020.04.07-18.49.28:819][  0]LogConfig: Setting CVar [[r.SkyAtmosphere.AerialPerspectiveLUT.DepthResolution:16.0]]
[2020.04.07-18.49.28:819][  0]LogConfig: Setting CVar [[r.SkyAtmosphere.FastSkyLUT:1]]
[2020.04.07-18.49.28:819][  0]LogConfig: Setting CVar [[r.SkyAtmosphere.FastSkyLUT.SampleCountMin:4.0]]
[2020.04.07-18.49.28:819][  0]LogConfig: Setting CVar [[r.SkyAtmosphere.FastSkyLUT.SampleCountMax:32.0]]
[2020.04.07-18.49.28:819][  0]LogConfig: Setting CVar [[r.SkyAtmosphere.SampleCountMin:4.0]]
[2020.04.07-18.49.28:819][  0]LogConfig: Setting CVar [[r.SkyAtmosphere.SampleCountMax:32.0]]
[2020.04.07-18.49.28:819][  0]LogConfig: Setting CVar [[r.SkyAtmosphere.TransmittanceLUT.UseSmallFormat:0]]
[2020.04.07-18.49.28:819][  0]LogConfig: Setting CVar [[r.SkyAtmosphere.TransmittanceLUT.SampleCount:10.0]]
[2020.04.07-18.49.28:819][  0]LogConfig: Setting CVar [[r.SkyAtmosphere.MultiScatteringLUT.SampleCount:15.0]]
[2020.04.07-18.49.28:819][  0]LogConfig: Applying CVar settings from Section [FoliageQuality@3] File [S:/Games/game/Github Repository/JumbleJamRepoParty/jumblejamBO 4.24/Saved/Config/Windows/Scalability.ini]
[2020.04.07-18.49.28:819][  0]LogConfig: Setting CVar [[foliage.DensityScale:1.0]]
[2020.04.07-18.49.28:819][  0]LogConfig: Setting CVar [[grass.DensityScale:1.0]]
[2020.04.07-18.49.28:819][  0]LogConfig: Applying CVar settings from Section [ShadingQuality@3] File [S:/Games/game/Github Repository/JumbleJamRepoParty/jumblejamBO 4.24/Saved/Config/Windows/Scalability.ini]
[2020.04.07-18.49.28:819][  0]LogConfig: Setting CVar [[r.HairStrands.SkyLighting.SampleCount:16]]
[2020.04.07-18.49.28:819][  0]LogConfig: Setting CVar [[r.HairStrands.SkyLighting.JitterIntegration:0]]
[2020.04.07-18.49.28:819][  0]LogConfig: Setting CVar [[r.HairStrands.SkyAO.SampleCount:16]]
[2020.04.07-18.49.28:819][  0]LogConfig: Applying CVar settings from Section [Startup] File [../../../Engine/Config/ConsoleVariables.ini]
[2020.04.07-18.49.28:820][  0]LogConfig: Setting CVar [[net.UseAdaptiveNetUpdateFrequency:0]]
[2020.04.07-18.49.28:820][  0]LogConfig: Setting CVar [[p.chaos.AllowCreatePhysxBodies:1]]
[2020.04.07-18.49.28:820][  0]LogConfig: Applying CVar settings from Section [ConsoleVariables] File [S:/Games/game/Github Repository/JumbleJamRepoParty/jumblejamBO 4.24/Saved/Config/Windows/Engine.ini]
[2020.04.07-18.49.28:820][  0]LogInit: Computer: KOALA_DUMPLING
[2020.04.07-18.49.28:820][  0]LogInit: User: SydneyJennett
[2020.04.07-18.49.28:820][  0]LogInit: CPU Page size=4096, Cores=4
[2020.04.07-18.49.28:820][  0]LogInit: High frequency timer resolution =10.000000 MHz
[2020.04.07-18.49.28:820][  0]LogMemory: Memory total: Physical=7.9GB (8GB approx)
[2020.04.07-18.49.28:820][  0]LogMemory: Platform Memory Stats for Windows
[2020.04.07-18.49.28:820][  0]LogMemory: Process Physical Memory: 104.23 MB used, 104.23 MB peak
[2020.04.07-18.49.28:820][  0]LogMemory: Process Virtual Memory: 99.95 MB used, 99.95 MB peak
[2020.04.07-18.49.28:820][  0]LogMemory: Physical Memory: 4872.21 MB used,  3217.02 MB free, 8089.23 MB total
[2020.04.07-18.49.28:820][  0]LogMemory: Virtual Memory: 5121.23 MB used,  134212608.00 MB free, 134217728.00 MB total
[2020.04.07-18.49.28:825][  0]LogWindows: WindowsPlatformFeatures enabled
[2020.04.07-18.49.28:858][  0]LogInit: Using OS detected language (en-GB).
[2020.04.07-18.49.28:858][  0]LogInit: Using OS detected locale (en-GB).
[2020.04.07-18.49.28:859][  0]LogTextLocalizationManager: No specific localization for 'en-GB' exists, so the 'en' localization will be used.
[2020.04.07-18.49.29:071][  0]LogInit: Setting process to per monitor DPI aware
[2020.04.07-18.49.29:118][  0]LogSlate: New Slate User Created.  User Index 0, Is Virtual User: 0
[2020.04.07-18.49.29:118][  0]LogSlate: Slate User Registered.  User Index 0, Is Virtual User: 0
[2020.04.07-18.49.29:302][  0]LogHMD: Failed to initialize OpenVR with code 110
[2020.04.07-18.49.29:302][  0]LogD3D11RHI: D3D11 min allowed feature level: 11_0
[2020.04.07-18.49.29:302][  0]LogD3D11RHI: D3D11 max allowed feature level: 11_0
[2020.04.07-18.49.29:302][  0]LogD3D11RHI: D3D11 adapters:
[2020.04.07-18.49.29:310][  0]LogD3D11RHI:    0. 'Intel(R) HD Graphics 4600' (Feature Level 11_0)
[2020.04.07-18.49.29:310][  0]LogD3D11RHI:       112/0/2048 MB DedicatedVideo/DedicatedSystem/SharedSystem, Outputs:2, VendorId:0x8086
[2020.04.07-18.49.29:381][  0]LogD3D11RHI:    1. 'NVIDIA GeForce GTX 660' (Feature Level 11_0)
[2020.04.07-18.49.29:381][  0]LogD3D11RHI:       1998/0/4044 MB DedicatedVideo/DedicatedSystem/SharedSystem, Outputs:0, VendorId:0x10de
[2020.04.07-18.49.29:385][  0]LogD3D11RHI:    2. 'Microsoft Basic Render Driver' (Feature Level 11_0)
[2020.04.07-18.49.29:385][  0]LogD3D11RHI:       0/0/4044 MB DedicatedVideo/DedicatedSystem/SharedSystem, Outputs:0, VendorId:0x1414
[2020.04.07-18.49.29:385][  0]LogD3D11RHI: Chosen D3D11 Adapter: 1
[2020.04.07-18.49.29:391][  0]LogD3D11RHI: Creating new Direct3DDevice
[2020.04.07-18.49.29:391][  0]LogD3D11RHI:     GPU DeviceId: 0x11c0 (for the marketing name, search the web for "GPU Device Id")
[2020.04.07-18.49.29:391][  0]LogWindows: EnumDisplayDevices:
[2020.04.07-18.49.29:391][  0]LogWindows:    0. 'NVIDIA GeForce GTX 660' (P:0 D:0)
[2020.04.07-18.49.29:392][  0]LogWindows:    1. 'NVIDIA GeForce GTX 660' (P:0 D:0)
[2020.04.07-18.49.29:392][  0]LogWindows:    2. 'NVIDIA GeForce GTX 660' (P:0 D:0)
[2020.04.07-18.49.29:393][  0]LogWindows:    3. 'NVIDIA GeForce GTX 660' (P:0 D:0)
[2020.04.07-18.49.29:394][  0]LogWindows:    4. 'Intel(R) HD Graphics 4600' (P:1 D:1)
[2020.04.07-18.49.29:394][  0]LogWindows:    5. 'Intel(R) HD Graphics 4600' (P:0 D:1)
[2020.04.07-18.49.29:395][  0]LogWindows:    6. 'Intel(R) HD Graphics 4600' (P:0 D:0)
[2020.04.07-18.49.29:395][  0]LogWindows: DebugString: PrimaryIsNotTheChoosenAdapter PrimaryIsNotTheChoosenAdapter PrimaryIsNotTheChoosenAdapter FoundDriverCount:4 
[2020.04.07-18.49.29:395][  0]LogD3D11RHI:     Adapter Name: NVIDIA GeForce GTX 660
[2020.04.07-18.49.29:395][  0]LogD3D11RHI:   Driver Version: 432.00 (internal:26.21.14.3200, unified:432.00)
[2020.04.07-18.49.29:395][  0]LogD3D11RHI:      Driver Date: 7-24-2019
[2020.04.07-18.49.29:395][  0]LogRHI: Texture pool is 1398 MB (70% of 1998 MB)
[2020.04.07-18.49.29:448][  0]LogD3D11RHI: RHI does not have support for 64 bit atomics
[2020.04.07-18.49.29:448][  0]LogD3D11RHI: Async texture creation enabled
[2020.04.07-18.49.29:465][  0]LogD3D11RHI: GPU Timing Frequency: 1000.000000 (Debug: 2 1)
[2020.04.07-18.49.29:817][  0]LogTargetPlatformManager: Display: Loaded TargetPlatform 'AllDesktop'
[2020.04.07-18.49.29:854][  0]LogTargetPlatformManager: Display: Loaded TargetPlatform 'Android'
[2020.04.07-18.49.29:854][  0]LogTargetPlatformManager: Display: Loaded TargetPlatform 'Android_ASTC'
[2020.04.07-18.49.29:854][  0]LogTargetPlatformManager: Display: Loaded TargetPlatform 'Android_ATC'
[2020.04.07-18.49.29:854][  0]LogTargetPlatformManager: Display: Loaded TargetPlatform 'Android_DXT'
[2020.04.07-18.49.29:854][  0]LogTargetPlatformManager: Display: Loaded TargetPlatform 'Android_ETC1'
[2020.04.07-18.49.29:854][  0]LogTargetPlatformManager: Display: Loaded TargetPlatform 'Android_ETC1a'
[2020.04.07-18.49.29:854][  0]LogTargetPlatformManager: Display: Loaded TargetPlatform 'Android_ETC2'
[2020.04.07-18.49.29:854][  0]LogTargetPlatformManager: Display: Loaded TargetPlatform 'Android_PVRTC'
[2020.04.07-18.49.29:854][  0]LogTargetPlatformManager: Display: Loaded TargetPlatform 'AndroidClient'
[2020.04.07-18.49.29:854][  0]LogTargetPlatformManager: Display: Loaded TargetPlatform 'Android_ASTCClient'
[2020.04.07-18.49.29:854][  0]LogTargetPlatformManager: Display: Loaded TargetPlatform 'Android_ATCClient'
[2020.04.07-18.49.29:854][  0]LogTargetPlatformManager: Display: Loaded TargetPlatform 'Android_DXTClient'
[2020.04.07-18.49.29:854][  0]LogTargetPlatformManager: Display: Loaded TargetPlatform 'Android_ETC1Client'
[2020.04.07-18.49.29:854][  0]LogTargetPlatformManager: Display: Loaded TargetPlatform 'Android_ETC1aClient'
[2020.04.07-18.49.29:854][  0]LogTargetPlatformManager: Display: Loaded TargetPlatform 'Android_ETC2Client'
[2020.04.07-18.49.29:854][  0]LogTargetPlatformManager: Display: Loaded TargetPlatform 'Android_PVRTCClient'
[2020.04.07-18.49.29:854][  0]LogTargetPlatformManager: Display: Loaded TargetPlatform 'Android_Multi'
[2020.04.07-18.49.29:854][  0]LogTargetPlatformManager: Display: Loaded TargetPlatform 'Android_MultiClient'
[2020.04.07-18.49.29:874][  0]LogTargetPlatformManager: Display: Loaded TargetPlatform 'IOSClient'
[2020.04.07-18.49.29:874][  0]LogTargetPlatformManager: Display: Loaded TargetPlatform 'IOS'
[2020.04.07-18.49.29:883][  0]LogTargetPlatformManager: Display: Loaded TargetPlatform 'LinuxNoEditor'
[2020.04.07-18.49.29:892][  0]LogTargetPlatformManager: Display: Loaded TargetPlatform 'LinuxClient'
[2020.04.07-18.49.29:899][  0]LogTargetPlatformManager: Display: Loaded TargetPlatform 'LinuxServer'
[2020.04.07-18.49.29:907][  0]LogTargetPlatformManager: Display: Loaded TargetPlatform 'LinuxAArch64NoEditor'
[2020.04.07-18.49.29:916][  0]LogTargetPlatformManager: Display: Loaded TargetPlatform 'LinuxAArch64Client'
[2020.04.07-18.49.29:925][  0]LogTargetPlatformManager: Display: Loaded TargetPlatform 'LinuxAArch64Server'
[2020.04.07-18.49.29:954][  0]LogTargetPlatformManager: Display: Loaded TargetPlatform 'Lumin'
[2020.04.07-18.49.29:954][  0]LogTargetPlatformManager: Display: Loaded TargetPlatform 'LuminClient'
[2020.04.07-18.49.29:970][  0]LogTargetPlatformManager: Display: Loaded TargetPlatform 'TVOSClient'
[2020.04.07-18.49.29:970][  0]LogTargetPlatformManager: Display: Loaded TargetPlatform 'TVOS'
[2020.04.07-18.49.29:979][  0]LogTargetPlatformManager: Display: Loaded TargetPlatform 'WindowsNoEditor'
[2020.04.07-18.49.29:989][  0]LogTargetPlatformManager: Display: Loaded TargetPlatform 'Windows'
[2020.04.07-18.49.29:999][  0]LogTargetPlatformManager: Display: Loaded TargetPlatform 'WindowsClient'
[2020.04.07-18.49.30:007][  0]LogTargetPlatformManager: Display: Loaded TargetPlatform 'WindowsServer'
[2020.04.07-18.49.30:007][  0]LogTargetPlatformManager: Display: Building Assets For Windows
[2020.04.07-18.49.30:011][  0]LogAudioDebug: Display: Lib vorbis DLL was dynamically loaded.
[2020.04.07-18.49.30:037][  0]LogShaderCompilers: Guid format shader working directory is -21 characters bigger than the processId version (../../../../../../game/Github Repository/JumbleJamRepoParty/jumblejamBO 4.24/Intermediate/Shaders/WorkingDirectory/4980/).
[2020.04.07-18.49.30:038][  0]LogShaderCompilers: Cleaned the shader compiler working directory 'C:/Users/Sydney Jennett/AppData/Local/Temp/UnrealShaderWorkingDir/3347BE314EC1B9FAB8F935A7ECC3D304/'.
[2020.04.07-18.49.30:038][  0]LogXGEController: Cleaning working directory: C:/Users/Sydney Jennett/AppData/Local/Temp/UnrealXGEWorkingDir/
[2020.04.07-18.49.30:039][  0]LogXGEController: Cannot use XGE Controller as Incredibuild is not installed on this machine.
[2020.04.07-18.49.30:039][  0]LogShaderCompilers: Cannot use XGE Shader Compiler as Incredibuild is not installed on this machine.
[2020.04.07-18.49.30:039][  0]LogShaderCompilers: Display: Using Local Shader Compiler.
[2020.04.07-18.49.30:920][  0]LogDerivedDataCache: Display: Max Cache Size: 512 MB
[2020.04.07-18.49.30:993][  0]LogDerivedDataCache: Loaded boot cache 0.07s 78MB C:/Users/Sydney Jennett/AppData/Local/UnrealEngine/4.24/DerivedDataCache/Boot.ddc.
[2020.04.07-18.49.30:993][  0]LogDerivedDataCache: Display: Loaded Boot cache: C:/Users/Sydney Jennett/AppData/Local/UnrealEngine/4.24/DerivedDataCache/Boot.ddc
[2020.04.07-18.49.30:993][  0]LogDerivedDataCache: FDerivedDataBackendGraph:  Pak pak cache file ../../../../../../game/Github Repository/JumbleJamRepoParty/jumblejamBO 4.24/DerivedDataCache/DDC.ddp not found, will not use a pak cache.
[2020.04.07-18.49.30:993][  0]LogDerivedDataCache: Unable to find inner node Pak for hierarchical cache Hierarchy.
[2020.04.07-18.49.30:993][  0]LogDerivedDataCache: FDerivedDataBackendGraph:  CompressedPak pak cache file ../../../../../../game/Github Repository/JumbleJamRepoParty/jumblejamBO 4.24/DerivedDataCache/Compressed.ddp not found, will not use a pak cache.
[2020.04.07-18.49.30:993][  0]LogDerivedDataCache: Unable to find inner node CompressedPak for hierarchical cache Hierarchy.
[2020.04.07-18.49.31:005][  0]LogDerivedDataCache: Display: Pak cache opened for reading ../../../Engine/DerivedDataCache/Compressed.ddp.
[2020.04.07-18.49.31:005][  0]LogDerivedDataCache: FDerivedDataBackendGraph:  EnterprisePak pak cache file ../../../Enterprise/DerivedDataCache/Compressed.ddp not found, will not use a pak cache.
[2020.04.07-18.49.31:005][  0]LogDerivedDataCache: Unable to find inner node EnterprisePak for hierarchical cache Hierarchy.
[2020.04.07-18.49.31:007][  0]LogDerivedDataCache: Using Local data cache path C:/Users/Sydney Jennett/AppData/Local/UnrealEngine/Common/DerivedDataCache: Writable
[2020.04.07-18.49.31:007][  0]LogDerivedDataCache: Shared data cache path not found in *engine.ini, will not use an Shared cache.
[2020.04.07-18.49.31:007][  0]LogDerivedDataCache: Unable to find inner node Shared for hierarchical cache Hierarchy.
[2020.04.07-18.49.31:037][  0]LogMaterial: Verifying Global Shaders for PCD3D_SM5
[2020.04.07-18.49.31:039][  0]LogSlate: Using FreeType 2.10.0
[2020.04.07-18.49.31:040][  0]LogSlate: SlateFontServices - WITH_FREETYPE: 1, WITH_HARFBUZZ: 1
[2020.04.07-18.49.31:104][  0]LogAssetRegistry: FAssetRegistry took 0.0029 seconds to start up
[2020.04.07-18.49.31:440][  0]LogInit: Selected Device Profile: [Windows]
[2020.04.07-18.49.31:627][  0]LogMeshReduction: Using QuadricMeshReduction for automatic static mesh reduction
[2020.04.07-18.49.31:627][  0]LogMeshReduction: Using SimplygonMeshReduction for automatic skeletal mesh reduction
[2020.04.07-18.49.31:627][  0]LogMeshReduction: Using ProxyLODMeshReduction for automatic mesh merging
[2020.04.07-18.49.31:627][  0]LogMeshReduction: No distributed automatic mesh merging module available
[2020.04.07-18.49.31:627][  0]LogMeshMerging: No distributed automatic mesh merging module available
[2020.04.07-18.49.31:650][  0]LogNetVersion: jumblejamBO 1.0.0, NetCL: 10570792, EngineNetVer: 13, GameNetVer: 0 (Checksum: 2451803007)
[2020.04.07-18.49.32:893][  0]LogPackageLocalizationCache: Processed 10 localized package path(s) for 1 prioritized culture(s) in 0.061744 seconds
[2020.04.07-18.49.32:902][  0]LogUObjectArray: 46750 objects as part of root set at end of initial load.
[2020.04.07-18.49.32:902][  0]LogUObjectAllocator: 8137160 out of 0 bytes used by permanent object pool.
[2020.04.07-18.49.32:902][  0]LogUObjectArray: CloseDisregardForGC: 0/0 objects in disregard for GC pool
[2020.04.07-18.49.33:376][  0]LogTcpMessaging: Initializing TcpMessaging bridge
[2020.04.07-18.49.33:379][  0]LogUdpMessaging: Initializing bridge on interface 0.0.0.0:0 to multicast group 230.0.0.1:6666.
[2020.04.07-18.49.33:442][  0]SourceControl: Source control is disabled
[2020.04.07-18.49.33:442][  0]SourceControl: Source control is disabled
[2020.04.07-18.49.33:444][  0]SourceControl: Source control is disabled
[2020.04.07-18.49.33:444][  0]SourceControl: Source control is disabled
[2020.04.07-18.49.33:445][  0]SourceControl: Source control is disabled
[2020.04.07-18.49.33:457][  0]LogVSAccessor: Display: Unable to create Visual Studio setup instance: 80040154
[2020.04.07-18.49.33:458][  0]LogVSAccessor: Display: Unable to create Visual Studio setup instance: 80040154
[2020.04.07-18.49.33:542][  0]LogAndroidPermission: UAndroidPermissionCallbackProxy::GetInstance
[2020.04.07-18.49.33:557][  0]LogAudioCaptureCore: Display: No Audio Capture implementations found. Audio input will be silent.
[2020.04.07-18.49.33:557][  0]LogAudioCaptureCore: Display: No Audio Capture implementations found. Audio input will be silent.
[2020.04.07-18.49.33:657][  0]LogOcInput: OculusInput pre-init called
[2020.04.07-18.49.33:665][  0]LogWindows: Failed to load 'OVRPlugin.dll' (GetLastError=126)
[2020.04.07-18.49.33:665][  0]LogWindows: File 'OVRPlugin.dll' does not exist
[2020.04.07-18.49.33:746][  0]LogEngine: Initializing Engine...
[2020.04.07-18.49.33:747][  0]LogHMD: Failed to initialize OpenVR with code 110
[2020.04.07-18.49.33:749][  0]LogStats: UGameplayTagsManager::InitializeManager -  0.000 s
[2020.04.07-18.49.34:163][  0]LogInit: Initializing FReadOnlyCVARCache
[2020.04.07-18.49.34:170][  0]LogAIModule: Creating AISystem for world Untitled
[2020.04.07-18.49.34:190][  0]LogAudioMixer: Display: Audio Mixer Platform Settings:
[2020.04.07-18.49.34:190][  0]LogAudioMixer: Display: 	Sample Rate:						  48000
[2020.04.07-18.49.34:190][  0]LogAudioMixer: Display: 	Callback Buffer Frame Size Requested: 1024
[2020.04.07-18.49.34:190][  0]LogAudioMixer: Display: 	Callback Buffer Frame Size To Use:	  1024
[2020.04.07-18.49.34:190][  0]LogAudioMixer: Display: 	Number of buffers to queue:			  2
[2020.04.07-18.49.34:190][  0]LogAudioMixer: Display: 	Max Channels (voices):				  32
[2020.04.07-18.49.34:190][  0]LogAudioMixer: Display: 	Number of Async Source Workers:		  0
[2020.04.07-18.49.34:191][  0]LogAudio: Display: AudioDevice MaxSources: 32
[2020.04.07-18.49.34:191][  0]LogAudio: Display: Using built-in audio occlusion.
[2020.04.07-18.49.34:191][  0]LogAudioMixer: Display: Initializing audio mixer.
[2020.04.07-18.49.34:282][  0]LogAudioMixer: Display: Audio Device Output Speaker Info:
[2020.04.07-18.49.34:283][  0]LogAudioMixer: Display: Name: PHL 328E8Q (Intel(R) Display Audio)
[2020.04.07-18.49.34:283][  0]LogAudioMixer: Display: Is Default: Yes
[2020.04.07-18.49.34:283][  0]LogAudioMixer: Display: Sample Rate: 48000
[2020.04.07-18.49.34:283][  0]LogAudioMixer: Display: Channel Count Used: 2
[2020.04.07-18.49.34:283][  0]LogAudioMixer: Display: Device Channel Count: 2
[2020.04.07-18.49.34:283][  0]LogAudioMixer: Display: Channel Order:
[2020.04.07-18.49.34:283][  0]LogAudioMixer: Display: 0: FrontLeft
[2020.04.07-18.49.34:283][  0]LogAudioMixer: Display: 1: FrontRight
[2020.04.07-18.49.34:325][  0]LogAudioMixer: Display: Using Audio Device PHL 328E8Q (Intel(R) Display Audio)
[2020.04.07-18.49.34:331][  0]LogInit: FAudioDevice initialized.
[2020.04.07-18.49.34:331][  0]LogNetVersion: Set ProjectVersion to 1.0.0.0. Version Checksum will be recalculated on next use.
[2020.04.07-18.49.34:491][  0]LogDerivedDataCache: Saved boot cache 0.16s 78MB C:/Users/Sydney Jennett/AppData/Local/UnrealEngine/4.24/DerivedDataCache/Boot.ddc.
[2020.04.07-18.49.34:496][  0]LogInit: Texture streaming: Enabled
[2020.04.07-18.49.34:507][  0]LogEngineSessionManager: EngineSessionManager initialized
[2020.04.07-18.49.34:507][  0]LogEngineSessionManager: EngineSessionManager sent abnormal shutdown report. Type=Crashed, SessionId={D7420F6C-42DA-A83E-5C4D-61A1DBB90E04}
[2020.04.07-18.49.34:508][  0]LogEditorSessionSummary: Verbose: Initializing EditorSessionSummaryWriter for editor session tracking
[2020.04.07-18.49.34:511][  0]LogEditorSessionSummary: EditorSessionSummaryWriter initialized
[2020.04.07-18.49.34:582][  0]LogInit: Transaction tracking system initialized
[2020.04.07-18.49.34:595][  0]BlueprintLog: New page: Editor Load
[2020.04.07-18.49.34:630][  0]LocalizationService: Localization service is disabled
[2020.04.07-18.49.34:690][  0]LogVSAccessor: Display: Unable to create Visual Studio setup instance: 80040154
[2020.04.07-18.49.34:691][  0]LogVSAccessor: Display: Unable to create Visual Studio setup instance: 80040154
[2020.04.07-18.49.34:936][  0]LogFileCache: Scanning file cache for directory 'S:/Games/game/Github Repository/JumbleJamRepoParty/jumblejamBO 4.24/Content/' took 0.00s
[2020.04.07-18.49.34:936][  0]LogCook: Display: Max memory allowance for cook 16384mb min free memory 0mb
[2020.04.07-18.49.34:936][  0]LogCook: Display: Mobile HDR setting 1
[2020.04.07-18.49.35:727][  0]SourceControl: Source control is disabled
[2020.04.07-18.49.35:727][  0]Cmd: MAP LOAD FILE="../../../../../../game/Github Repository/JumbleJamRepoParty/jumblejamBO 4.24/Content/FirstPersonBP/Maps/FirstPersonExampleMap.umap" TEMPLATE=0 SHOWPROGRESS=1 FEATURELEVEL=3
[2020.04.07-18.49.35:727][  0]LightingResults: New page: Lighting Build
[2020.04.07-18.49.35:728][  0]LogWorld: UWorld::CleanupWorld for Untitled, bSessionEnded=true, bCleanupResources=true
[2020.04.07-18.49.35:728][  0]LogSlate: InvalidateAllWidgets triggered.  All widgets were invalidated
[2020.04.07-18.49.35:728][  0]MapCheck: New page: Map Check
[2020.04.07-18.49.35:728][  0]LightingResults: New page: Lighting Build
[2020.04.07-18.49.35:758][  0]LogUObjectHash: Compacting FUObjectHashTables data took   2.16ms
[2020.04.07-18.49.36:625][  0]LogAIModule: Creating AISystem for world FirstPersonExampleMap
[2020.04.07-18.49.37:324][  0]LogEditorServer: Finished looking for orphan Actors (0.000 secs)
[2020.04.07-18.49.37:365][  0]LogUObjectHash: Compacting FUObjectHashTables data took   2.77ms
[2020.04.07-18.49.37:366][  0]Cmd: MAP CHECKDEP NOCLEARLOG
[2020.04.07-18.49.37:366][  0]MapCheck: Map check complete: 0 Error(s), 0 Warning(s), took 0.118ms to complete.
[2020.04.07-18.49.37:366][  0]LogFileHelpers: Loading map 'FirstPersonExampleMap' took 1.639
[2020.04.07-18.49.37:554][  0]LogSlate: Updating window title bar state: overlay mode, drag disabled, window buttons hidden, title bar hidden
[2020.04.07-18.49.37:563][  0]LogSlate: Updating window title bar state: overlay mode, drag disabled, window buttons hidden, title bar hidden
[2020.04.07-18.49.37:571][  0]LogSlate: Updating window title bar state: overlay mode, drag disabled, window buttons hidden, title bar hidden
[2020.04.07-18.49.37:579][  0]LogSlate: Updating window title bar state: overlay mode, drag disabled, window buttons hidden, title bar hidden
[2020.04.07-18.49.37:585][  0]LogCollectionManager: Loaded 0 collections in 0.001018 seconds
[2020.04.07-18.49.37:600][  0]LogFileCache: Scanning file cache for directory 'S:/Games/game/Github Repository/JumbleJamRepoParty/jumblejamBO 4.24/Saved/Collections/' took 0.00s
[2020.04.07-18.49.37:600][  0]LogFileCache: Scanning file cache for directory 'S:/Games/game/Github Repository/JumbleJamRepoParty/jumblejamBO 4.24/Content/Developers/SydneyJennett/Collections/' took 0.00s
[2020.04.07-18.49.37:600][  0]LogFileCache: Scanning file cache for directory 'S:/Games/game/Github Repository/JumbleJamRepoParty/jumblejamBO 4.24/Content/Collections/' took 0.00s
[2020.04.07-18.49.37:601][  0]LogContentBrowser: Native class hierarchy populated in 0.0094 seconds. Added 3015 classes and 717 folders.
[2020.04.07-18.49.37:603][  0]LogContentBrowser: Native class hierarchy updated for 'WidgetCarousel' in 0.0002 seconds. Added 0 classes and 0 folders.
[2020.04.07-18.49.37:656][  0]LogContentBrowser: Native class hierarchy updated for 'AddContentDialog' in 0.0003 seconds. Added 0 classes and 0 folders.
[2020.04.07-18.49.37:660][  0]LogContentBrowser: Native class hierarchy updated for 'SceneOutliner' in 0.0003 seconds. Added 2 classes and 3 folders.
[2020.04.07-18.49.37:719][  0]LogSlate: Took 0.000330 seconds to synchronously load lazily loaded font '../../../Engine/Content/Slate/Fonts/Roboto-Regular.ttf' (155K)
[2020.04.07-18.49.37:721][  0]LogSlate: Took 0.000326 seconds to synchronously load lazily loaded font '../../../Engine/Content/Slate/Fonts/Roboto-Bold.ttf' (160K)
[2020.04.07-18.49.37:725][  0]LogSlate: Took 0.000273 seconds to synchronously load lazily loaded font '../../../Engine/Content/Editor/Slate/Fonts/FontAwesome.ttf' (139K)
[2020.04.07-18.49.37:934][  0]LogRenderer: Reallocating scene render targets to support 1208x600 Format 10 NumSamples 1 (Frame:1).
[2020.04.07-18.49.38:146][  0]LogContentBrowser: Native class hierarchy updated for 'HierarchicalLODOutliner' in 0.0003 seconds. Added 0 classes and 0 folders.
[2020.04.07-18.49.38:146][  0]LogLoad: (Engine Initialization) Total time: 10.56 seconds
[2020.04.07-18.49.38:146][  0]LogLoad: (Engine Initialization) Total Blueprint compile time: 0.00 seconds
[2020.04.07-18.49.38:209][  0]LogAssetRegistry: Asset discovery search completed in 7.1053 seconds
[2020.04.07-18.49.38:212][  0]LogCollectionManager: Fixed up redirectors for 0 collections in 0.000009 seconds (updated 0 objects)
[2020.04.07-18.49.38:405][  0]LogContentStreaming: Texture pool size now 1000 MB
[2020.04.07-18.49.38:429][  0]LogSlate: Took 0.000220 seconds to synchronously load lazily loaded font '../../../Engine/Content/Slate/Fonts/Roboto-Light.ttf' (167K)
[2020.04.07-18.49.38:434][  1]LogFileCache: Retrieving MD5 hashes for directory 'S:/Games/game/Github Repository/JumbleJamRepoParty/jumblejamBO 4.24/Content/' took 0.27s
[2020.04.07-18.49.41:186][159]LogSlate: Took 0.000823 seconds to synchronously load lazily loaded font '../../../Engine/Content/Slate/Fonts/Roboto-Light.ttf' (167K)
[2020.04.07-18.50.34:469][762]LogEditorViewport: Clicking on Actor (LMB): SphereReflectionCapture (SphereReflectionCapture2)
[2020.04.07-18.50.46:943][565]LogD3D11RHI: Timed out while waiting for GPU to catch up. (0.5 s) (ErrorCode 00000001)
[2020.04.07-18.50.52:527][566]LogD3D11RHI: Timed out while waiting for GPU to catch up. (0.5 s) (ErrorCode 00000001)
[2020.04.07-18.50.53:029][566]LogD3D11RHI: Timed out while waiting for GPU to catch up. (0.5 s) (ErrorCode 00000001)
[2020.04.07-18.50.53:530][566]LogD3D11RHI: Timed out while waiting for GPU to catch up. (0.5 s) (ErrorCode 00000001)
[2020.04.07-18.52.16:510][566]LogD3D11RHI: Timed out while waiting for GPU to catch up. (0.5 s) (ErrorCode 00000001)
[2020.04.07-18.52.17:012][566]LogD3D11RHI: Timed out while waiting for GPU to catch up. (0.5 s) (ErrorCode 00000001)
[2020.04.07-18.52.21:466][566]LogD3D11RHI: Error: Result failed 
 at D:/Build/++UE4/Sync/Engine/Source/Runtime/Windows/D3D11RHI/Private/D3D11Query.cpp:348 
 with error DXGI_ERROR_DEVICE_REMOVED DXGI_ERROR_DEVICE_HUNG
[2020.04.07-18.52.21:467][566]LogD3D11RHI: [Aftermath] GDynamicRHI=000001EAF4AF40C0, GDX11NVAfterMathEnabled=0, Result=0xFFFFFFFF, bDeviceActive=0
[2020.04.07-18.52.21:467][566]LogWindows: Windows GetLastError: The operation completed successfully. (0)
[2020.04.07-18.52.35:052][566]LogThreadingWindows: Error: Runnable thread RenderThread 3 crashed.
[2020.04.07-18.52.35:052][566]LogWindows: Error: === Critical error: ===
[2020.04.07-18.52.35:052][566]LogWindows: Error: 
[2020.04.07-18.52.35:052][566]LogWindows: Error: Fatal error: [File:D:/Build/++UE4/Sync/Engine/Source/Runtime/Windows/D3D11RHI/Private/D3D11Util.cpp] [Line: 198] 
[2020.04.07-18.52.35:052][566]LogWindows: Error: Unreal Engine is exiting due to D3D device being lost. (Error: 0x887A0006 - 'HUNG')
[2020.04.07-18.52.35:052][566]LogWindows: Error: 
[2020.04.07-18.52.35:052][566]LogWindows: Error: 
[2020.04.07-18.52.35:052][566]LogWindows: Error: Unhandled Exception: 0x00008000
[2020.04.07-18.52.35:052][566]LogWindows: Error: 
[2020.04.07-18.52.35:053][566]LogWindows: Error: [Callstack] 0x00007ffccee1a859 KERNELBASE.dll!UnknownFunction []
[2020.04.07-18.52.35:053][566]LogWindows: Error: [Callstack] 0x00007ffc88b1c166 UE4Editor-Core.dll!UnknownFunction []
[2020.04.07-18.52.35:053][566]LogWindows: Error: [Callstack] 0x00007ffc88b1dc51 UE4Editor-Core.dll!UnknownFunction []
[2020.04.07-18.52.35:053][566]LogWindows: Error: [Callstack] 0x00007ffc888d2c7d UE4Editor-Core.dll!UnknownFunction []
[2020.04.07-18.52.35:053][566]LogWindows: Error: [Callstack] 0x00007ffc7bf213e9 UE4Editor-D3D11RHI.dll!UnknownFunction []
[2020.04.07-18.52.35:053][566]LogWindows: Error: [Callstack] 0x00007ffc7bf25bbf UE4Editor-D3D11RHI.dll!UnknownFunction []
[2020.04.07-18.52.35:053][566]LogWindows: Error: [Callstack] 0x00007ffc7befdb04 UE4Editor-D3D11RHI.dll!UnknownFunction []
[2020.04.07-18.52.35:053][566]LogWindows: Error: [Callstack] 0x00007ffc7bf12c3d UE4Editor-D3D11RHI.dll!UnknownFunction []
[2020.04.07-18.52.35:053][566]LogWindows: Error: [Callstack] 0x00007ffc9f4cb920 UE4Editor-RHI.dll!UnknownFunction []
[2020.04.07-18.52.35:053][566]LogWindows: Error: [Callstack] 0x00007ffc9f4ceff0 UE4Editor-RHI.dll!UnknownFunction []
[2020.04.07-18.52.35:053][566]LogWindows: Error: [Callstack] 0x00007ffc9f4ceacf UE4Editor-RHI.dll!UnknownFunction []
[2020.04.07-18.52.35:053][566]LogWindows: Error: [Callstack] 0x00007ffc9f4cfc8b UE4Editor-RHI.dll!UnknownFunction []
[2020.04.07-18.52.35:053][566]LogWindows: Error: [Callstack] 0x00007ffc9f4c2162 UE4Editor-RHI.dll!UnknownFunction []
[2020.04.07-18.52.35:053][566]LogWindows: Error: [Callstack] 0x00007ffc7bc7765a UE4Editor-SlateRHIRenderer.dll!UnknownFunction []
[2020.04.07-18.52.35:053][566]LogWindows: Error: [Callstack] 0x00007ffc7bc6c8ac UE4Editor-SlateRHIRenderer.dll!UnknownFunction []
[2020.04.07-18.52.35:053][566]LogWindows: Error: [Callstack] 0x00007ffc7bc7f60c UE4Editor-SlateRHIRenderer.dll!UnknownFunction []
[2020.04.07-18.52.35:053][566]LogWindows: Error: [Callstack] 0x00007ffc886a9ff2 UE4Editor-Core.dll!UnknownFunction []
[2020.04.07-18.52.35:053][566]LogWindows: Error: [Callstack] 0x00007ffc886aa393 UE4Editor-Core.dll!UnknownFunction []
[2020.04.07-18.52.35:053][566]LogWindows: Error: [Callstack] 0x00007ffc9f695391 UE4Editor-RenderCore.dll!UnknownFunction []
[2020.04.07-18.52.35:053][566]LogWindows: Error: [Callstack] 0x00007ffc9f69e254 UE4Editor-RenderCore.dll!UnknownFunction []
[2020.04.07-18.52.35:053][566]LogWindows: Error: [Callstack] 0x00007ffc88b232ef UE4Editor-Core.dll!UnknownFunction []
[2020.04.07-18.52.35:053][566]LogWindows: Error: [Callstack] 0x00007ffc88b22f94 UE4Editor-Core.dll!UnknownFunction []
[2020.04.07-18.52.35:053][566]LogWindows: Error: [Callstack] 0x00007ffcd0fb7bd4 KERNEL32.DLL!UnknownFunction []
[2020.04.07-18.52.35:053][566]LogWindows: Error: [Callstack] 0x00007ffcd194ced1 ntdll.dll!UnknownFunction []
[2020.04.07-18.52.35:053][566]LogWindows: Error: 
[2020.04.07-18.52.35:053][566]LogWindows: Error: Crash in runnable thread RenderThread 3
[2020.04.07-18.53.31:664][566]LogOutputDevice: Warning: 

Script Stack (0 frames):

[2020.04.07-18.53.31:664][566]LogWindows: Windows GetLastError: The operation completed successfully. (0)
[2020.04.07-18.53.31:664][566]LogWindows: Error: HandleError re-entered.
[2020.04.07-18.53.31:664][566]LogWindows: FPlatformMisc::RequestExit(1)
[2020.04.07-18.53.31:664][566]LogCore: Engine exit requested (reason: Win RequestExit)
[2020.04.07-18.53.31:731][566]Log file closed, 04/07/20 19:53:31
