Log file open, 04/07/20 16:17:13
LogWindows: Failed to load 'aqProf.dll' (GetLastError=126)
LogWindows: File 'aqProf.dll' does not exist
LogWindows: Failed to load 'VtuneApi.dll' (GetLastError=126)
LogWindows: File 'VtuneApi.dll' does not exist
LogWindows: Failed to load 'VtuneApi32e.dll' (GetLastError=126)
LogWindows: File 'VtuneApi32e.dll' does not exist
LogConsoleResponse: Display: Failed to find resolution value strings in scalability ini. Falling back to default.
LogInit: Display: Running engine for game: JumbleJam
LogPlatformFile: Not using cached read wrapper
LogTaskGraph: Started task graph with 5 named threads and 23 total threads with 3 sets of task threads.
LogStats: Stats thread started at 0.107625
LogD3D11RHI: Loaded GFSDK_Aftermath_Lib.x64.dll
LogICUInternationalization: ICU TimeZone Detection - Raw Offset: +0:00, Platform Override: ''
LogPluginManager: Mounting plugin Paper2D
LogPluginManager: Mounting plugin AISupport
LogPluginManager: Mounting plugin LightPropagationVolume
LogPluginManager: Mounting plugin ActorLayerUtilities
LogPluginManager: Mounting plugin AnimationSharing
LogPluginManager: Mounting plugin CLionSourceCodeAccess
LogPluginManager: Mounting plugin CodeLiteSourceCodeAccess
LogPluginManager: Mounting plugin GitSourceControl
LogPluginManager: Mounting plugin KDevelopSourceCodeAccess
LogPluginManager: Mounting plugin NullSourceCodeAccess
LogPluginManager: Mounting plugin PerforceSourceControl
LogPluginManager: Mounting plugin SubversionSourceControl
LogPluginManager: Mounting plugin UObjectPlugin
LogPluginManager: Mounting plugin VisualStudioCodeSourceCodeAccess
LogPluginManager: Mounting plugin VisualStudioSourceCodeAccess
LogPluginManager: Mounting plugin XCodeSourceCodeAccess
LogPluginManager: Mounting plugin AssetManagerEditor
LogPluginManager: Mounting plugin CryptoKeys
LogPluginManager: Mounting plugin CurveEditorTools
LogPluginManager: Mounting plugin DataValidation
LogPluginManager: Mounting plugin FacialAnimation
LogPluginManager: Mounting plugin GameplayTagsEditor
LogPluginManager: Mounting plugin MacGraphicsSwitching
LogPluginManager: Mounting plugin MaterialAnalyzer
LogPluginManager: Mounting plugin MobileLauncherProfileWizard
LogPluginManager: Mounting plugin PluginBrowser
LogPluginManager: Mounting plugin SpeedTreeImporter
LogPluginManager: Mounting plugin DatasmithContent
LogPluginManager: Mounting plugin VariantManagerContent
LogPluginManager: Mounting plugin AlembicImporter
LogPluginManager: Mounting plugin AutomationUtils
LogPluginManager: Mounting plugin BackChannel
LogPluginManager: Mounting plugin CharacterAI
LogPluginManager: Mounting plugin GeometryCache
LogPluginManager: Mounting plugin HTML5Networking
LogPluginManager: Mounting plugin PlatformCrypto
LogPluginManager: Mounting plugin ProxyLODPlugin
LogPluginManager: Mounting plugin SkeletalReduction
LogPluginManager: Mounting plugin MagicLeap
LogPluginManager: Mounting plugin MagicLeapMedia
LogPluginManager: Mounting plugin AndroidMedia
LogPluginManager: Mounting plugin AvfMedia
LogPluginManager: Mounting plugin ImgMedia
LogPluginManager: Mounting plugin MediaCompositing
LogPluginManager: Mounting plugin MediaPlayerEditor
LogPluginManager: Mounting plugin WebMMedia
LogPluginManager: Mounting plugin WmfMedia
LogPluginManager: Mounting plugin TcpMessaging
LogPluginManager: Mounting plugin UdpMessaging
LogPluginManager: Mounting plugin ActorSequence
LogPluginManager: Mounting plugin LevelSequenceEditor
LogPluginManager: Mounting plugin MatineeToLevelSequence
LogPluginManager: Mounting plugin NetcodeUnitTest
LogPluginManager: Mounting plugin NUTUnrealEngine4
LogPluginManager: Mounting plugin OnlineSubsystemGooglePlay
LogPluginManager: Mounting plugin OnlineSubsystemIOS
LogPluginManager: Mounting plugin OnlineSubsystem
LogPluginManager: Mounting plugin OnlineSubsystemNull
LogPluginManager: Mounting plugin OnlineSubsystemUtils
LogPluginManager: Mounting plugin LauncherChunkInstaller
LogPluginManager: Mounting plugin AndroidDeviceProfileSelector
LogPluginManager: Mounting plugin AndroidMoviePlayer
LogPluginManager: Mounting plugin AndroidPermission
LogPluginManager: Mounting plugin AppleImageUtils
LogPluginManager: Mounting plugin AppleMoviePlayer
LogPluginManager: Mounting plugin ArchVisCharacter
LogPluginManager: Mounting plugin AudioCapture
LogPluginManager: Mounting plugin CableComponent
LogPluginManager: Mounting plugin CustomMeshComponent
LogPluginManager: Mounting plugin EditableMesh
LogPluginManager: Mounting plugin ExampleDeviceProfileSelector
LogPluginManager: Mounting plugin GoogleCloudMessaging
LogPluginManager: Mounting plugin HoudiniEngine
LogPluginManager: Mounting plugin IOSDeviceProfileSelector
LogPluginManager: Mounting plugin LinuxDeviceProfileSelector
LogPluginManager: Mounting plugin LocationServicesBPLibrary
LogPluginManager: Mounting plugin MobilePatchingUtils
LogPluginManager: Mounting plugin OculusVR
LogPluginManager: Mounting plugin PhysXVehicles
LogPluginManager: Mounting plugin ProceduralMeshComponent
LogPluginManager: Mounting plugin RuntimePhysXCooking
LogPluginManager: Mounting plugin SignificanceManager
LogPluginManager: Mounting plugin SteamVR
LogPluginManager: Mounting plugin WebMMoviePlayer
LogPluginManager: Mounting plugin WindowsMoviePlayer
LogPluginManager: Mounting plugin ScreenshotTools
LogInit: Using libcurl 7.55.1-DEV
LogInit:  - built for x86_64-pc-win32
LogInit:  - supports SSL with OpenSSL/1.1.1
LogInit:  - supports HTTP deflate (compression) using libz 1.2.8
LogInit:  - other features:
LogInit:      CURL_VERSION_SSL
LogInit:      CURL_VERSION_LIBZ
LogInit:      CURL_VERSION_IPV6
LogInit:      CURL_VERSION_ASYNCHDNS
LogInit:      CURL_VERSION_LARGEFILE
LogInit:      CURL_VERSION_IDN
LogInit:  CurlRequestOptions (configurable via config and command line):
LogInit:  - bVerifyPeer = true  - Libcurl will verify peer certificate
LogInit:  - bUseHttpProxy = false  - Libcurl will NOT use HTTP proxy
LogInit:  - bDontReuseConnections = false  - Libcurl will reuse connections
LogInit:  - MaxHostConnections = 16  - Libcurl will limit the number of connections to a host
LogInit:  - LocalHostAddr = Default
LogInit:  - BufferSize = 65536
LogOnline: OSS: Creating online subsystem instance for: NULL
LogInit: WinSock: version 1.1 (2.2), MaxSocks=32767, MaxUdp=65467
LogInit: Build: ++UE4+Release-4.23-CL-9631420
LogInit: Engine Version: 4.23.1-9631420+++UE4+Release-4.23
LogInit: Compatible Engine Version: 4.23.0-8386587+++UE4+Release-4.23
LogInit: Net CL: 8386587
LogInit: OS: Windows 10 (Release 1903) (), CPU: Intel(R) Core(TM) i7-7700 CPU @ 3.60GHz, GPU: NVIDIA GeForce GTX 1080
LogInit: Compiled (64-bit): Oct 18 2019 02:07:44
LogInit: Compiled with Visual C++: 19.16.27030.01
LogInit: Build Configuration: Development
LogInit: Branch Name: ++UE4+Release-4.23
LogInit: Command Line: 
LogInit: Base Directory: D:/Unreal Engine/UE_4.23/Engine/Binaries/Win64/
LogInit: Installed Engine Build: 1
LogDevObjectVersion: Number of dev versions registered: 23
LogDevObjectVersion:   Dev-Blueprints (B0D832E4-1F89-4F0D-ACCF-7EB736FD4AA2): 10
LogDevObjectVersion:   Dev-Build (E1C64328-A22C-4D53-A36C-8E866417BD8C): 0
LogDevObjectVersion:   Dev-Core (375EC13C-06E4-48FB-B500-84F0262A717E): 3
LogDevObjectVersion:   Dev-Editor (E4B068ED-F494-42E9-A231-DA0B2E46BB41): 34
LogDevObjectVersion:   Dev-Framework (CFFC743F-43B0-4480-9391-14DF171D2073): 35
LogDevObjectVersion:   Dev-Mobile (B02B49B5-BB20-44E9-A304-32B752E40360): 2
LogDevObjectVersion:   Dev-Networking (A4E4105C-59A1-49B5-A7C5-40C4547EDFEE): 0
LogDevObjectVersion:   Dev-Online (39C831C9-5AE6-47DC-9A44-9C173E1C8E7C): 0
LogDevObjectVersion:   Dev-Physics (78F01B33-EBEA-4F98-B9B4-84EACCB95AA2): 0
LogDevObjectVersion:   Dev-Platform (6631380F-2D4D-43E0-8009-CF276956A95A): 0
LogDevObjectVersion:   Dev-Rendering (12F88B9F-8875-4AFC-A67C-D90C383ABD29): 31
LogDevObjectVersion:   Dev-Sequencer (7B5AE74C-D270-4C10-A958-57980B212A5A): 11
LogDevObjectVersion:   Dev-VR (D7296918-1DD6-4BDD-9DE2-64A83CC13884): 2
LogDevObjectVersion:   Dev-LoadTimes (C2A15278-BFE7-4AFE-6C17-90FF531DF755): 1
LogDevObjectVersion:   Private-Geometry (6EACA3D4-40EC-4CC1-B786-8BED09428FC5): 3
LogDevObjectVersion:   Dev-AnimPhys (29E575DD-E0A3-4627-9D10-D276232CDCEA): 17
LogDevObjectVersion:   Dev-Anim (AF43A65D-7FD3-4947-9873-3E8ED9C1BB05): 2
LogDevObjectVersion:   Dev-ReflectionCapture (6B266CEC-1EC7-4B8F-A30B-E4D90942FC07): 1
LogDevObjectVersion:   Dev-Automation (0DF73D61-A23F-47EA-B727-89E90C41499A): 1
LogDevObjectVersion:   FortniteMain (601D1886-AC64-4F84-AA16-D3DE0DEAC7D6): 27
LogDevObjectVersion:   Dev-Enterprise (9DFFBCD6-494F-0158-E221-12823C92A888): 6
LogDevObjectVersion:   Dev-Niagara (F2AED0AC-9AFE-416F-8664-AA7FFA26D6FC): 1
LogDevObjectVersion:   Dev-Destruction (174F1F0B-B4C6-45A5-B13F-2EE8D0FB917D): 9
LogInit: Presizing for max 16777216 objects, including 0 objects not considered by GC, pre-allocating 0 bytes for permanent pool.
LogInit: Object subsystem initialized
LogConfig: Setting CVar [[con.DebugEarlyDefault:1]]
LogConfig: Setting CVar [[r.setres:1280x720]]
[2020.04.07-15.17.13:575][  0]LogConfig: Setting CVar [[r.VSync:0]]
[2020.04.07-15.17.13:575][  0]LogConfig: Setting CVar [[r.RHICmdBypass:0]]
[2020.04.07-15.17.13:576][  0]LogConfig: Applying CVar settings from Section [/Script/Engine.RendererSettings] File [E:/Repos/JumbleJamRepoParty/JumbleJam/Saved/Config/Windows/Engine.ini]
[2020.04.07-15.17.13:576][  0]LogConfig: Setting CVar [[r.GPUCrashDebugging:0]]
[2020.04.07-15.17.13:576][  0]LogConfig: Setting CVar [[r.DefaultFeature.AutoExposure.ExtendDefaultLuminanceRange:1]]
[2020.04.07-15.17.13:576][  0]LogConfig: Applying CVar settings from Section [/Script/Engine.RendererOverrideSettings] File [E:/Repos/JumbleJamRepoParty/JumbleJam/Saved/Config/Windows/Engine.ini]
[2020.04.07-15.17.13:576][  0]LogConfig: Applying CVar settings from Section [/Script/Engine.StreamingSettings] File [E:/Repos/JumbleJamRepoParty/JumbleJam/Saved/Config/Windows/Engine.ini]
[2020.04.07-15.17.13:576][  0]LogConfig: Setting CVar [[s.MinBulkDataSizeForAsyncLoading:131072]]
[2020.04.07-15.17.13:576][  0]LogConfig: Setting CVar [[s.AsyncLoadingThreadEnabled:0]]
[2020.04.07-15.17.13:576][  0]LogConfig: Setting CVar [[s.EventDrivenLoaderEnabled:1]]
[2020.04.07-15.17.13:576][  0]LogConfig: Setting CVar [[s.WarnIfTimeLimitExceeded:0]]
[2020.04.07-15.17.13:576][  0]LogConfig: Setting CVar [[s.TimeLimitExceededMultiplier:1.5]]
[2020.04.07-15.17.13:576][  0]LogConfig: Setting CVar [[s.TimeLimitExceededMinTime:0.005]]
[2020.04.07-15.17.13:576][  0]LogConfig: Setting CVar [[s.UseBackgroundLevelStreaming:1]]
[2020.04.07-15.17.13:576][  0]LogConfig: Setting CVar [[s.PriorityAsyncLoadingExtraTime:15.0]]
[2020.04.07-15.17.13:576][  0]LogConfig: Setting CVar [[s.LevelStreamingActorsUpdateTimeLimit:5.0]]
[2020.04.07-15.17.13:576][  0]LogConfig: Setting CVar [[s.PriorityLevelStreamingActorsUpdateExtraTime:5.0]]
[2020.04.07-15.17.13:576][  0]LogConfig: Setting CVar [[s.LevelStreamingComponentsRegistrationGranularity:10]]
[2020.04.07-15.17.13:576][  0]LogConfig: Setting CVar [[s.UnregisterComponentsTimeLimit:1.0]]
[2020.04.07-15.17.13:576][  0]LogConfig: Setting CVar [[s.LevelStreamingComponentsUnregistrationGranularity:5]]
[2020.04.07-15.17.13:576][  0]LogConfig: Applying CVar settings from Section [/Script/Engine.GarbageCollectionSettings] File [E:/Repos/JumbleJamRepoParty/JumbleJam/Saved/Config/Windows/Engine.ini]
[2020.04.07-15.17.13:576][  0]LogConfig: Setting CVar [[gc.MaxObjectsNotConsideredByGC:1]]
[2020.04.07-15.17.13:576][  0]LogConfig: Setting CVar [[gc.SizeOfPermanentObjectPool:0]]
[2020.04.07-15.17.13:576][  0]LogConfig: Setting CVar [[gc.FlushStreamingOnGC:0]]
[2020.04.07-15.17.13:576][  0]LogConfig: Setting CVar [[gc.NumRetriesBeforeForcingGC:10]]
[2020.04.07-15.17.13:576][  0]LogConfig: Setting CVar [[gc.AllowParallelGC:1]]
[2020.04.07-15.17.13:576][  0]LogConfig: Setting CVar [[gc.TimeBetweenPurgingPendingKillObjects:61.1]]
[2020.04.07-15.17.13:576][  0]LogConfig: Setting CVar [[gc.MaxObjectsInEditor:16777216]]
[2020.04.07-15.17.13:576][  0]LogConfig: Setting CVar [[gc.IncrementalBeginDestroyEnabled:1]]
[2020.04.07-15.17.13:576][  0]LogConfig: Setting CVar [[gc.CreateGCClusters:1]]
[2020.04.07-15.17.13:576][  0]LogConfig: Setting CVar [[gc.MinGCClusterSize:5]]
[2020.04.07-15.17.13:576][  0]LogConfig: Setting CVar [[gc.ActorClusteringEnabled:0]]
[2020.04.07-15.17.13:576][  0]LogConfig: Setting CVar [[gc.BlueprintClusteringEnabled:0]]
[2020.04.07-15.17.13:576][  0]LogConfig: Setting CVar [[gc.UseDisregardForGCOnDedicatedServers:0]]
[2020.04.07-15.17.13:576][  0]LogConfig: Applying CVar settings from Section [/Script/Engine.NetworkSettings] File [E:/Repos/JumbleJamRepoParty/JumbleJam/Saved/Config/Windows/Engine.ini]
[2020.04.07-15.17.13:576][  0]LogConfig: Applying CVar settings from Section [/Script/UnrealEd.CookerSettings] File [E:/Repos/JumbleJamRepoParty/JumbleJam/Saved/Config/Windows/Engine.ini]
[2020.04.07-15.17.13:584][  0]LogConfig: Applying CVar settings from Section [ViewDistanceQuality@3] File [E:/Repos/JumbleJamRepoParty/JumbleJam/Saved/Config/Windows/Scalability.ini]
[2020.04.07-15.17.13:584][  0]LogConfig: Setting CVar [[r.SkeletalMeshLODBias:0]]
[2020.04.07-15.17.13:584][  0]LogConfig: Setting CVar [[r.ViewDistanceScale:1.0]]
[2020.04.07-15.17.13:584][  0]LogConfig: Applying CVar settings from Section [AntiAliasingQuality@3] File [E:/Repos/JumbleJamRepoParty/JumbleJam/Saved/Config/Windows/Scalability.ini]
[2020.04.07-15.17.13:584][  0]LogConfig: Setting CVar [[r.PostProcessAAQuality:4]]
[2020.04.07-15.17.13:584][  0]LogConfig: Applying CVar settings from Section [ShadowQuality@3] File [E:/Repos/JumbleJamRepoParty/JumbleJam/Saved/Config/Windows/Scalability.ini]
[2020.04.07-15.17.13:584][  0]LogConfig: Setting CVar [[r.LightFunctionQuality:1]]
[2020.04.07-15.17.13:584][  0]LogConfig: Setting CVar [[r.ShadowQuality:5]]
[2020.04.07-15.17.13:584][  0]LogConfig: Setting CVar [[r.Shadow.CSM.MaxCascades:10]]
[2020.04.07-15.17.13:584][  0]LogConfig: Setting CVar [[r.Shadow.MaxResolution:2048]]
[2020.04.07-15.17.13:584][  0]LogConfig: Setting CVar [[r.Shadow.MaxCSMResolution:2048]]
[2020.04.07-15.17.13:584][  0]LogConfig: Setting CVar [[r.Shadow.RadiusThreshold:0.01]]
[2020.04.07-15.17.13:584][  0]LogConfig: Setting CVar [[r.Shadow.DistanceScale:1.0]]
[2020.04.07-15.17.13:584][  0]LogConfig: Setting CVar [[r.Shadow.CSM.TransitionScale:1.0]]
[2020.04.07-15.17.13:584][  0]LogConfig: Setting CVar [[r.Shadow.PreShadowResolutionFactor:1.0]]
[2020.04.07-15.17.13:584][  0]LogConfig: Setting CVar [[r.DistanceFieldShadowing:1]]
[2020.04.07-15.17.13:584][  0]LogConfig: Setting CVar [[r.DistanceFieldAO:1]]
[2020.04.07-15.17.13:584][  0]LogConfig: Setting CVar [[r.AOQuality:2]]
[2020.04.07-15.17.13:584][  0]LogConfig: Setting CVar [[r.VolumetricFog:1]]
[2020.04.07-15.17.13:584][  0]LogConfig: Setting CVar [[r.VolumetricFog.GridPixelSize:8]]
[2020.04.07-15.17.13:584][  0]LogConfig: Setting CVar [[r.VolumetricFog.GridSizeZ:128]]
[2020.04.07-15.17.13:584][  0]LogConfig: Setting CVar [[r.VolumetricFog.HistoryMissSupersampleCount:4]]
[2020.04.07-15.17.13:584][  0]LogConfig: Setting CVar [[r.LightMaxDrawDistanceScale:1]]
[2020.04.07-15.17.13:584][  0]LogConfig: Setting CVar [[r.CapsuleShadows:1]]
[2020.04.07-15.17.13:584][  0]LogConfig: Applying CVar settings from Section [PostProcessQuality@3] File [E:/Repos/JumbleJamRepoParty/JumbleJam/Saved/Config/Windows/Scalability.ini]
[2020.04.07-15.17.13:584][  0]LogConfig: Setting CVar [[r.MotionBlurQuality:4]]
[2020.04.07-15.17.13:584][  0]LogConfig: Setting CVar [[r.AmbientOcclusionMipLevelFactor:0.4]]
[2020.04.07-15.17.13:584][  0]LogConfig: Setting CVar [[r.AmbientOcclusionMaxQuality:100]]
[2020.04.07-15.17.13:584][  0]LogConfig: Setting CVar [[r.AmbientOcclusionLevels:-1]]
[2020.04.07-15.17.13:584][  0]LogConfig: Setting CVar [[r.AmbientOcclusionRadiusScale:1.0]]
[2020.04.07-15.17.13:584][  0]LogConfig: Setting CVar [[r.DepthOfFieldQuality:2]]
[2020.04.07-15.17.13:584][  0]LogConfig: Setting CVar [[r.RenderTargetPoolMin:400]]
[2020.04.07-15.17.13:584][  0]LogConfig: Setting CVar [[r.LensFlareQuality:2]]
[2020.04.07-15.17.13:584][  0]LogConfig: Setting CVar [[r.SceneColorFringeQuality:1]]
[2020.04.07-15.17.13:584][  0]LogConfig: Setting CVar [[r.EyeAdaptationQuality:2]]
[2020.04.07-15.17.13:584][  0]LogConfig: Setting CVar [[r.BloomQuality:5]]
[2020.04.07-15.17.13:584][  0]LogConfig: Setting CVar [[r.FastBlurThreshold:100]]
[2020.04.07-15.17.13:584][  0]LogConfig: Setting CVar [[r.Upscale.Quality:3]]
[2020.04.07-15.17.13:584][  0]LogConfig: Setting CVar [[r.Tonemapper.GrainQuantization:1]]
[2020.04.07-15.17.13:584][  0]LogConfig: Setting CVar [[r.LightShaftQuality:1]]
[2020.04.07-15.17.13:584][  0]LogConfig: Setting CVar [[r.Filter.SizeScale:1]]
[2020.04.07-15.17.13:585][  0]LogConfig: Setting CVar [[r.Tonemapper.Quality:5]]
[2020.04.07-15.17.13:585][  0]LogConfig: Setting CVar [[r.DOF.Gather.AccumulatorQuality:1        ; higher gathering accumulator quality]]
[2020.04.07-15.17.13:585][  0]LogConfig: Setting CVar [[r.DOF.Gather.PostfilterMethod:1          ; Median3x3 postfilering method]]
[2020.04.07-15.17.13:585][  0]LogConfig: Setting CVar [[r.DOF.Gather.EnableBokehSettings:0       ; no bokeh simulation when gathering]]
[2020.04.07-15.17.13:585][  0]LogConfig: Setting CVar [[r.DOF.Gather.RingCount:4                 ; medium number of samples when gathering]]
[2020.04.07-15.17.13:585][  0]LogConfig: Setting CVar [[r.DOF.Scatter.ForegroundCompositing:1    ; additive foreground scattering]]
[2020.04.07-15.17.13:585][  0]LogConfig: Setting CVar [[r.DOF.Scatter.BackgroundCompositing:2    ; additive background scattering]]
[2020.04.07-15.17.13:585][  0]LogConfig: Setting CVar [[r.DOF.Scatter.EnableBokehSettings:1      ; bokeh simulation when scattering]]
[2020.04.07-15.17.13:585][  0]LogConfig: Setting CVar [[r.DOF.Scatter.MaxSpriteRatio:0.1         ; only a maximum of 10% of scattered bokeh]]
[2020.04.07-15.17.13:585][  0]LogConfig: Setting CVar [[r.DOF.Recombine.Quality:1                ; cheap slight out of focus]]
[2020.04.07-15.17.13:585][  0]LogConfig: Setting CVar [[r.DOF.Recombine.EnableBokehSettings:0    ; no bokeh simulation on slight out of focus]]
[2020.04.07-15.17.13:585][  0]LogConfig: Setting CVar [[r.DOF.TemporalAAQuality:1                ; more stable temporal accumulation]]
[2020.04.07-15.17.13:585][  0]LogConfig: Setting CVar [[r.DOF.Kernel.MaxForegroundRadius:0.025]]
[2020.04.07-15.17.13:585][  0]LogConfig: Setting CVar [[r.DOF.Kernel.MaxBackgroundRadius:0.025]]
[2020.04.07-15.17.13:585][  0]LogConfig: Applying CVar settings from Section [TextureQuality@3] File [E:/Repos/JumbleJamRepoParty/JumbleJam/Saved/Config/Windows/Scalability.ini]
[2020.04.07-15.17.13:585][  0]LogConfig: Setting CVar [[r.Streaming.MipBias:0]]
[2020.04.07-15.17.13:585][  0]LogConfig: Setting CVar [[r.Streaming.AmortizeCPUToGPUCopy:0]]
[2020.04.07-15.17.13:585][  0]LogConfig: Setting CVar [[r.Streaming.MaxNumTexturesToStreamPerFrame:0]]
[2020.04.07-15.17.13:585][  0]LogConfig: Setting CVar [[r.Streaming.Boost:1]]
[2020.04.07-15.17.13:585][  0]LogConfig: Setting CVar [[r.MaxAnisotropy:8]]
[2020.04.07-15.17.13:585][  0]LogConfig: Setting CVar [[r.Streaming.LimitPoolSizeToVRAM:0]]
[2020.04.07-15.17.13:585][  0]LogConfig: Setting CVar [[r.Streaming.PoolSize:1000]]
[2020.04.07-15.17.13:585][  0]LogConfig: Setting CVar [[r.Streaming.MaxEffectiveScreenSize:0]]
[2020.04.07-15.17.13:585][  0]LogConfig: Applying CVar settings from Section [EffectsQuality@3] File [E:/Repos/JumbleJamRepoParty/JumbleJam/Saved/Config/Windows/Scalability.ini]
[2020.04.07-15.17.13:585][  0]LogConfig: Setting CVar [[r.TranslucencyLightingVolumeDim:64]]
[2020.04.07-15.17.13:585][  0]LogConfig: Setting CVar [[r.RefractionQuality:2]]
[2020.04.07-15.17.13:585][  0]LogConfig: Setting CVar [[r.SSR.Quality:3]]
[2020.04.07-15.17.13:585][  0]LogConfig: Setting CVar [[r.SceneColorFormat:4]]
[2020.04.07-15.17.13:585][  0]LogConfig: Setting CVar [[r.DetailMode:2]]
[2020.04.07-15.17.13:585][  0]LogConfig: Setting CVar [[r.TranslucencyVolumeBlur:1]]
[2020.04.07-15.17.13:585][  0]LogConfig: Setting CVar [[r.MaterialQualityLevel:1 ; High quality]]
[2020.04.07-15.17.13:585][  0]LogConfig: Setting CVar [[r.SSS.Scale:1]]
[2020.04.07-15.17.13:585][  0]LogConfig: Setting CVar [[r.SSS.SampleSet:2]]
[2020.04.07-15.17.13:585][  0]LogConfig: Setting CVar [[r.SSS.Quality:1]]
[2020.04.07-15.17.13:585][  0]LogConfig: Setting CVar [[r.SSS.HalfRes:1]]
[2020.04.07-15.17.13:585][  0]LogConfig: Setting CVar [[r.EmitterSpawnRateScale:1.0]]
[2020.04.07-15.17.13:585][  0]LogConfig: Setting CVar [[r.ParticleLightQuality:2]]
[2020.04.07-15.17.13:585][  0]LogConfig: Applying CVar settings from Section [FoliageQuality@3] File [E:/Repos/JumbleJamRepoParty/JumbleJam/Saved/Config/Windows/Scalability.ini]
[2020.04.07-15.17.13:585][  0]LogConfig: Setting CVar [[foliage.DensityScale:1.0]]
[2020.04.07-15.17.13:585][  0]LogConfig: Setting CVar [[grass.DensityScale:1.0]]
[2020.04.07-15.17.13:585][  0]LogInit: Selected Device Profile: [Windows]
[2020.04.07-15.17.13:585][  0]LogInit: Applying CVar settings loaded from the selected device profile: [Windows]
[2020.04.07-15.17.13:590][  0]LogHAL: Display: Platform has ~ 16 GB [17142071296 / 17179869184 / 16], which maps to Larger [LargestMinGB=32, LargerMinGB=12, DefaultMinGB=8, SmallerMinGB=6, SmallestMinGB=0)
[2020.04.07-15.17.13:590][  0]LogInit: Going up to parent DeviceProfile []
[2020.04.07-15.17.13:590][  0]LogConfig: Applying CVar settings from Section [ViewDistanceQuality@3] File [E:/Repos/JumbleJamRepoParty/JumbleJam/Saved/Config/Windows/Scalability.ini]
[2020.04.07-15.17.13:590][  0]LogConfig: Setting CVar [[r.SkeletalMeshLODBias:0]]
[2020.04.07-15.17.13:590][  0]LogConfig: Setting CVar [[r.ViewDistanceScale:1.0]]
[2020.04.07-15.17.13:590][  0]LogConfig: Applying CVar settings from Section [AntiAliasingQuality@3] File [E:/Repos/JumbleJamRepoParty/JumbleJam/Saved/Config/Windows/Scalability.ini]
[2020.04.07-15.17.13:590][  0]LogConfig: Setting CVar [[r.PostProcessAAQuality:4]]
[2020.04.07-15.17.13:590][  0]LogConfig: Applying CVar settings from Section [ShadowQuality@3] File [E:/Repos/JumbleJamRepoParty/JumbleJam/Saved/Config/Windows/Scalability.ini]
[2020.04.07-15.17.13:590][  0]LogConfig: Setting CVar [[r.LightFunctionQuality:1]]
[2020.04.07-15.17.13:590][  0]LogConfig: Setting CVar [[r.ShadowQuality:5]]
[2020.04.07-15.17.13:590][  0]LogConfig: Setting CVar [[r.Shadow.CSM.MaxCascades:10]]
[2020.04.07-15.17.13:590][  0]LogConfig: Setting CVar [[r.Shadow.MaxResolution:2048]]
[2020.04.07-15.17.13:591][  0]LogConfig: Setting CVar [[r.Shadow.MaxCSMResolution:2048]]
[2020.04.07-15.17.13:591][  0]LogConfig: Setting CVar [[r.Shadow.RadiusThreshold:0.01]]
[2020.04.07-15.17.13:591][  0]LogConfig: Setting CVar [[r.Shadow.DistanceScale:1.0]]
[2020.04.07-15.17.13:591][  0]LogConfig: Setting CVar [[r.Shadow.CSM.TransitionScale:1.0]]
[2020.04.07-15.17.13:591][  0]LogConfig: Setting CVar [[r.Shadow.PreShadowResolutionFactor:1.0]]
[2020.04.07-15.17.13:591][  0]LogConfig: Setting CVar [[r.DistanceFieldShadowing:1]]
[2020.04.07-15.17.13:591][  0]LogConfig: Setting CVar [[r.DistanceFieldAO:1]]
[2020.04.07-15.17.13:591][  0]LogConfig: Setting CVar [[r.AOQuality:2]]
[2020.04.07-15.17.13:591][  0]LogConfig: Setting CVar [[r.VolumetricFog:1]]
[2020.04.07-15.17.13:591][  0]LogConfig: Setting CVar [[r.VolumetricFog.GridPixelSize:8]]
[2020.04.07-15.17.13:591][  0]LogConfig: Setting CVar [[r.VolumetricFog.GridSizeZ:128]]
[2020.04.07-15.17.13:591][  0]LogConfig: Setting CVar [[r.VolumetricFog.HistoryMissSupersampleCount:4]]
[2020.04.07-15.17.13:591][  0]LogConfig: Setting CVar [[r.LightMaxDrawDistanceScale:1]]
[2020.04.07-15.17.13:591][  0]LogConfig: Setting CVar [[r.CapsuleShadows:1]]
[2020.04.07-15.17.13:591][  0]LogConfig: Applying CVar settings from Section [PostProcessQuality@3] File [E:/Repos/JumbleJamRepoParty/JumbleJam/Saved/Config/Windows/Scalability.ini]
[2020.04.07-15.17.13:591][  0]LogConfig: Setting CVar [[r.MotionBlurQuality:4]]
[2020.04.07-15.17.13:591][  0]LogConfig: Setting CVar [[r.AmbientOcclusionMipLevelFactor:0.4]]
[2020.04.07-15.17.13:591][  0]LogConfig: Setting CVar [[r.AmbientOcclusionMaxQuality:100]]
[2020.04.07-15.17.13:591][  0]LogConfig: Setting CVar [[r.AmbientOcclusionLevels:-1]]
[2020.04.07-15.17.13:591][  0]LogConfig: Setting CVar [[r.AmbientOcclusionRadiusScale:1.0]]
[2020.04.07-15.17.13:591][  0]LogConfig: Setting CVar [[r.DepthOfFieldQuality:2]]
[2020.04.07-15.17.13:591][  0]LogConfig: Setting CVar [[r.RenderTargetPoolMin:400]]
[2020.04.07-15.17.13:591][  0]LogConfig: Setting CVar [[r.LensFlareQuality:2]]
[2020.04.07-15.17.13:591][  0]LogConfig: Setting CVar [[r.SceneColorFringeQuality:1]]
[2020.04.07-15.17.13:591][  0]LogConfig: Setting CVar [[r.EyeAdaptationQuality:2]]
[2020.04.07-15.17.13:591][  0]LogConfig: Setting CVar [[r.BloomQuality:5]]
[2020.04.07-15.17.13:591][  0]LogConfig: Setting CVar [[r.FastBlurThreshold:100]]
[2020.04.07-15.17.13:591][  0]LogConfig: Setting CVar [[r.Upscale.Quality:3]]
[2020.04.07-15.17.13:591][  0]LogConfig: Setting CVar [[r.Tonemapper.GrainQuantization:1]]
[2020.04.07-15.17.13:591][  0]LogConfig: Setting CVar [[r.LightShaftQuality:1]]
[2020.04.07-15.17.13:591][  0]LogConfig: Setting CVar [[r.Filter.SizeScale:1]]
[2020.04.07-15.17.13:591][  0]LogConfig: Setting CVar [[r.Tonemapper.Quality:5]]
[2020.04.07-15.17.13:591][  0]LogConfig: Setting CVar [[r.DOF.Gather.AccumulatorQuality:1        ; higher gathering accumulator quality]]
[2020.04.07-15.17.13:591][  0]LogConfig: Setting CVar [[r.DOF.Gather.PostfilterMethod:1          ; Median3x3 postfilering method]]
[2020.04.07-15.17.13:591][  0]LogConfig: Setting CVar [[r.DOF.Gather.EnableBokehSettings:0       ; no bokeh simulation when gathering]]
[2020.04.07-15.17.13:591][  0]LogConfig: Setting CVar [[r.DOF.Gather.RingCount:4                 ; medium number of samples when gathering]]
[2020.04.07-15.17.13:591][  0]LogConfig: Setting CVar [[r.DOF.Scatter.ForegroundCompositing:1    ; additive foreground scattering]]
[2020.04.07-15.17.13:591][  0]LogConfig: Setting CVar [[r.DOF.Scatter.BackgroundCompositing:2    ; additive background scattering]]
[2020.04.07-15.17.13:591][  0]LogConfig: Setting CVar [[r.DOF.Scatter.EnableBokehSettings:1      ; bokeh simulation when scattering]]
[2020.04.07-15.17.13:591][  0]LogConfig: Setting CVar [[r.DOF.Scatter.MaxSpriteRatio:0.1         ; only a maximum of 10% of scattered bokeh]]
[2020.04.07-15.17.13:591][  0]LogConfig: Setting CVar [[r.DOF.Recombine.Quality:1                ; cheap slight out of focus]]
[2020.04.07-15.17.13:591][  0]LogConfig: Setting CVar [[r.DOF.Recombine.EnableBokehSettings:0    ; no bokeh simulation on slight out of focus]]
[2020.04.07-15.17.13:591][  0]LogConfig: Setting CVar [[r.DOF.TemporalAAQuality:1                ; more stable temporal accumulation]]
[2020.04.07-15.17.13:591][  0]LogConfig: Setting CVar [[r.DOF.Kernel.MaxForegroundRadius:0.025]]
[2020.04.07-15.17.13:591][  0]LogConfig: Setting CVar [[r.DOF.Kernel.MaxBackgroundRadius:0.025]]
[2020.04.07-15.17.13:591][  0]LogConfig: Applying CVar settings from Section [TextureQuality@3] File [E:/Repos/JumbleJamRepoParty/JumbleJam/Saved/Config/Windows/Scalability.ini]
[2020.04.07-15.17.13:591][  0]LogConfig: Setting CVar [[r.Streaming.MipBias:0]]
[2020.04.07-15.17.13:591][  0]LogConfig: Setting CVar [[r.Streaming.AmortizeCPUToGPUCopy:0]]
[2020.04.07-15.17.13:591][  0]LogConfig: Setting CVar [[r.Streaming.MaxNumTexturesToStreamPerFrame:0]]
[2020.04.07-15.17.13:591][  0]LogConfig: Setting CVar [[r.Streaming.Boost:1]]
[2020.04.07-15.17.13:591][  0]LogConfig: Setting CVar [[r.MaxAnisotropy:8]]
[2020.04.07-15.17.13:591][  0]LogConfig: Setting CVar [[r.Streaming.LimitPoolSizeToVRAM:0]]
[2020.04.07-15.17.13:591][  0]LogConfig: Setting CVar [[r.Streaming.PoolSize:1000]]
[2020.04.07-15.17.13:591][  0]LogConfig: Setting CVar [[r.Streaming.MaxEffectiveScreenSize:0]]
[2020.04.07-15.17.13:591][  0]LogConfig: Applying CVar settings from Section [EffectsQuality@3] File [E:/Repos/JumbleJamRepoParty/JumbleJam/Saved/Config/Windows/Scalability.ini]
[2020.04.07-15.17.13:591][  0]LogConfig: Setting CVar [[r.TranslucencyLightingVolumeDim:64]]
[2020.04.07-15.17.13:591][  0]LogConfig: Setting CVar [[r.RefractionQuality:2]]
[2020.04.07-15.17.13:591][  0]LogConfig: Setting CVar [[r.SSR.Quality:3]]
[2020.04.07-15.17.13:591][  0]LogConfig: Setting CVar [[r.SceneColorFormat:4]]
[2020.04.07-15.17.13:591][  0]LogConfig: Setting CVar [[r.DetailMode:2]]
[2020.04.07-15.17.13:591][  0]LogConfig: Setting CVar [[r.TranslucencyVolumeBlur:1]]
[2020.04.07-15.17.13:591][  0]LogConfig: Setting CVar [[r.MaterialQualityLevel:1 ; High quality]]
[2020.04.07-15.17.13:591][  0]LogConfig: Setting CVar [[r.SSS.Scale:1]]
[2020.04.07-15.17.13:591][  0]LogConfig: Setting CVar [[r.SSS.SampleSet:2]]
[2020.04.07-15.17.13:591][  0]LogConfig: Setting CVar [[r.SSS.Quality:1]]
[2020.04.07-15.17.13:591][  0]LogConfig: Setting CVar [[r.SSS.HalfRes:1]]
[2020.04.07-15.17.13:591][  0]LogConfig: Setting CVar [[r.EmitterSpawnRateScale:1.0]]
[2020.04.07-15.17.13:591][  0]LogConfig: Setting CVar [[r.ParticleLightQuality:2]]
[2020.04.07-15.17.13:591][  0]LogConfig: Applying CVar settings from Section [FoliageQuality@3] File [E:/Repos/JumbleJamRepoParty/JumbleJam/Saved/Config/Windows/Scalability.ini]
[2020.04.07-15.17.13:591][  0]LogConfig: Setting CVar [[foliage.DensityScale:1.0]]
[2020.04.07-15.17.13:591][  0]LogConfig: Setting CVar [[grass.DensityScale:1.0]]
[2020.04.07-15.17.13:591][  0]LogConfig: Applying CVar settings from Section [Startup] File [../../../Engine/Config/ConsoleVariables.ini]
[2020.04.07-15.17.13:592][  0]LogConfig: Setting CVar [[net.UseAdaptiveNetUpdateFrequency:0]]
[2020.04.07-15.17.13:592][  0]LogConfig: Setting CVar [[p.chaos.AllowCreatePhysxBodies:1]]
[2020.04.07-15.17.13:592][  0]LogConfig: Applying CVar settings from Section [ConsoleVariables] File [E:/Repos/JumbleJamRepoParty/JumbleJam/Saved/Config/Windows/Engine.ini]
[2020.04.07-15.17.13:592][  0]LogInit: Computer: DESKTOP-80GCCJK
[2020.04.07-15.17.13:592][  0]LogInit: User: fresh
[2020.04.07-15.17.13:592][  0]LogInit: CPU Page size=4096, Cores=4
[2020.04.07-15.17.13:592][  0]LogInit: High frequency timer resolution =10.000000 MHz
[2020.04.07-15.17.13:592][  0]LogMemory: Memory total: Physical=16.0GB (16GB approx)
[2020.04.07-15.17.13:592][  0]LogMemory: Platform Memory Stats for Windows
[2020.04.07-15.17.13:592][  0]LogMemory: Process Physical Memory: 104.45 MB used, 104.45 MB peak
[2020.04.07-15.17.13:592][  0]LogMemory: Process Virtual Memory: 91.50 MB used, 91.50 MB peak
[2020.04.07-15.17.13:592][  0]LogMemory: Physical Memory: 10943.34 MB used,  5404.61 MB free, 16347.95 MB total
[2020.04.07-15.17.13:592][  0]LogMemory: Virtual Memory: 4677.36 MB used,  134213048.00 MB free, 134217728.00 MB total
[2020.04.07-15.17.13:597][  0]LogWindows: WindowsPlatformFeatures enabled
[2020.04.07-15.17.13:620][  0]LogInit: Using OS detected language (en-GB).
[2020.04.07-15.17.13:620][  0]LogInit: Using OS detected locale (en-GB).
[2020.04.07-15.17.13:620][  0]LogTextLocalizationManager: No specific localization for 'en-GB' exists, so the 'en' localization will be used.
[2020.04.07-15.17.13:797][  0]LogInit: Setting process to per monitor DPI aware
[2020.04.07-15.17.13:847][  0]LogSlate: New Slate User Created.  User Index 0, Is Virtual User: 0
[2020.04.07-15.17.13:847][  0]LogSlate: Slate User Registered.  User Index 0, Is Virtual User: 0
[2020.04.07-15.17.14:174][  0]LogHMD: Failed to initialize OpenVR with code 110
[2020.04.07-15.17.14:174][  0]LogD3D11RHI: D3D11 adapters:
[2020.04.07-15.17.14:251][  0]LogD3D11RHI:    0. 'NVIDIA GeForce GTX 1080' (Feature Level 11_0)
[2020.04.07-15.17.14:251][  0]LogD3D11RHI:       8079/0/8173 MB DedicatedVideo/DedicatedSystem/SharedSystem, Outputs:2, VendorId:0x10de
[2020.04.07-15.17.14:255][  0]LogD3D11RHI:    1. 'Microsoft Basic Render Driver' (Feature Level 11_0)
[2020.04.07-15.17.14:255][  0]LogD3D11RHI:       0/0/8173 MB DedicatedVideo/DedicatedSystem/SharedSystem, Outputs:0, VendorId:0x1414
[2020.04.07-15.17.14:255][  0]LogD3D11RHI: Chosen D3D11 Adapter: 0
[2020.04.07-15.17.14:268][  0]LogD3D11RHI: Creating new Direct3DDevice
[2020.04.07-15.17.14:268][  0]LogD3D11RHI:     GPU DeviceId: 0x1b80 (for the marketing name, search the web for "GPU Device Id")
[2020.04.07-15.17.14:268][  0]LogWindows: EnumDisplayDevices:
[2020.04.07-15.17.14:268][  0]LogWindows:    0. 'NVIDIA GeForce GTX 1080' (P:1 D:1)
[2020.04.07-15.17.14:269][  0]LogWindows:    1. 'NVIDIA GeForce GTX 1080' (P:0 D:1)
[2020.04.07-15.17.14:269][  0]LogWindows:    2. 'NVIDIA GeForce GTX 1080' (P:0 D:0)
[2020.04.07-15.17.14:270][  0]LogWindows:    3. 'NVIDIA GeForce GTX 1080' (P:0 D:0)
[2020.04.07-15.17.14:270][  0]LogWindows: DebugString: FoundDriverCount:4 
[2020.04.07-15.17.14:270][  0]LogD3D11RHI:     Adapter Name: NVIDIA GeForce GTX 1080
[2020.04.07-15.17.14:270][  0]LogD3D11RHI:   Driver Version: 432.00 (internal:26.21.14.3200, unified:432.00)
[2020.04.07-15.17.14:270][  0]LogD3D11RHI:      Driver Date: 7-24-2019
[2020.04.07-15.17.14:270][  0]LogRHI: Texture pool is 5655 MB (70% of 8079 MB)
[2020.04.07-15.17.14:321][  0]LogD3D11RHI: Async texture creation enabled
[2020.04.07-15.17.14:333][  0]LogD3D11RHI: GPU Timing Frequency: 1000.000000 (Debug: 2 1)
[2020.04.07-15.17.14:812][  0]LogTemp: Display: Module 'AllDesktopTargetPlatform' loaded TargetPlatform 'AllDesktop'
[2020.04.07-15.17.14:822][  0]LogTemp: Display: Module 'MacClientTargetPlatform' loaded TargetPlatform 'MacClient'
[2020.04.07-15.17.14:829][  0]LogTemp: Display: Module 'MacNoEditorTargetPlatform' loaded TargetPlatform 'MacNoEditor'
[2020.04.07-15.17.14:837][  0]LogTemp: Display: Module 'MacServerTargetPlatform' loaded TargetPlatform 'MacServer'
[2020.04.07-15.17.14:849][  0]LogTemp: Display: Module 'MacTargetPlatform' loaded TargetPlatform 'Mac'
[2020.04.07-15.17.14:858][  0]LogTemp: Display: Module 'WindowsClientTargetPlatform' loaded TargetPlatform 'WindowsClient'
[2020.04.07-15.17.14:868][  0]LogTemp: Display: Module 'WindowsNoEditorTargetPlatform' loaded TargetPlatform 'WindowsNoEditor'
[2020.04.07-15.17.14:878][  0]LogTemp: Display: Module 'WindowsServerTargetPlatform' loaded TargetPlatform 'WindowsServer'
[2020.04.07-15.17.14:883][  0]LogTemp: Display: Module 'WindowsTargetPlatform' loaded TargetPlatform 'Windows'
[2020.04.07-15.17.14:921][  0]LogTemp: Display: Module 'AndroidTargetPlatform' loaded TargetPlatform 'Android'
[2020.04.07-15.17.14:922][  0]LogTemp: Display: Module 'AndroidTargetPlatform' loaded TargetPlatform 'Android_ASTC'
[2020.04.07-15.17.14:922][  0]LogTemp: Display: Module 'AndroidTargetPlatform' loaded TargetPlatform 'Android_ATC'
[2020.04.07-15.17.14:922][  0]LogTemp: Display: Module 'AndroidTargetPlatform' loaded TargetPlatform 'Android_DXT'
[2020.04.07-15.17.14:922][  0]LogTemp: Display: Module 'AndroidTargetPlatform' loaded TargetPlatform 'Android_ETC1'
[2020.04.07-15.17.14:922][  0]LogTemp: Display: Module 'AndroidTargetPlatform' loaded TargetPlatform 'Android_ETC1a'
[2020.04.07-15.17.14:922][  0]LogTemp: Display: Module 'AndroidTargetPlatform' loaded TargetPlatform 'Android_ETC2'
[2020.04.07-15.17.14:922][  0]LogTemp: Display: Module 'AndroidTargetPlatform' loaded TargetPlatform 'Android_PVRTC'
[2020.04.07-15.17.14:922][  0]LogTemp: Display: Module 'AndroidTargetPlatform' loaded TargetPlatform 'AndroidClient'
[2020.04.07-15.17.14:922][  0]LogTemp: Display: Module 'AndroidTargetPlatform' loaded TargetPlatform 'Android_ASTCClient'
[2020.04.07-15.17.14:922][  0]LogTemp: Display: Module 'AndroidTargetPlatform' loaded TargetPlatform 'Android_ATCClient'
[2020.04.07-15.17.14:922][  0]LogTemp: Display: Module 'AndroidTargetPlatform' loaded TargetPlatform 'Android_DXTClient'
[2020.04.07-15.17.14:922][  0]LogTemp: Display: Module 'AndroidTargetPlatform' loaded TargetPlatform 'Android_ETC1Client'
[2020.04.07-15.17.14:922][  0]LogTemp: Display: Module 'AndroidTargetPlatform' loaded TargetPlatform 'Android_ETC1aClient'
[2020.04.07-15.17.14:922][  0]LogTemp: Display: Module 'AndroidTargetPlatform' loaded TargetPlatform 'Android_ETC2Client'
[2020.04.07-15.17.14:922][  0]LogTemp: Display: Module 'AndroidTargetPlatform' loaded TargetPlatform 'Android_PVRTCClient'
[2020.04.07-15.17.14:922][  0]LogTemp: Display: Module 'AndroidTargetPlatform' loaded TargetPlatform 'Android_Multi'
[2020.04.07-15.17.14:922][  0]LogTemp: Display: Module 'AndroidTargetPlatform' loaded TargetPlatform 'Android_MultiClient'
[2020.04.07-15.17.14:924][  0]LogTemp: Display: Module 'HTML5TargetPlatform' loaded TargetPlatform 'HTML5'
[2020.04.07-15.17.14:946][  0]LogTemp: Display: Module 'IOSTargetPlatform' loaded TargetPlatform 'IOSClient'
[2020.04.07-15.17.14:946][  0]LogTemp: Display: Module 'IOSTargetPlatform' loaded TargetPlatform 'IOS'
[2020.04.07-15.17.14:963][  0]LogTemp: Display: Module 'TVOSTargetPlatform' loaded TargetPlatform 'TVOSClient'
[2020.04.07-15.17.14:963][  0]LogTemp: Display: Module 'TVOSTargetPlatform' loaded TargetPlatform 'TVOS'
[2020.04.07-15.17.14:971][  0]LogTemp: Display: Module 'LinuxClientTargetPlatform' loaded TargetPlatform 'LinuxClient'
[2020.04.07-15.17.14:979][  0]LogTemp: Display: Module 'LinuxNoEditorTargetPlatform' loaded TargetPlatform 'LinuxNoEditor'
[2020.04.07-15.17.14:986][  0]LogTemp: Display: Module 'LinuxServerTargetPlatform' loaded TargetPlatform 'LinuxServer'
[2020.04.07-15.17.14:996][  0]LogTemp: Display: Module 'LinuxTargetPlatform' loaded TargetPlatform 'Linux'
[2020.04.07-15.17.15:022][  0]LogTemp: Display: Module 'LuminTargetPlatform' loaded TargetPlatform 'Lumin'
[2020.04.07-15.17.15:022][  0]LogTemp: Display: Module 'LuminTargetPlatform' loaded TargetPlatform 'LuminClient'
[2020.04.07-15.17.15:022][  0]LogTargetPlatformManager: Display: Building Assets For Windows
[2020.04.07-15.17.15:031][  0]LogAudioDebug: Display: Lib vorbis DLL was dynamically loaded.
[2020.04.07-15.17.15:076][  0]LogShaderCompilers: Guid format shader working directory is 8 characters bigger than the processId version (E:/Repos/JumbleJamRepoParty/JumbleJam/Intermediate/Shaders/WorkingDirectory/25424/).
[2020.04.07-15.17.15:076][  0]LogShaderCompilers: Cleaned the shader compiler working directory 'C:/Users/fresh/AppData/Local/Temp/UnrealShaderWorkingDir/05DC1D66439D4EC2219373B1F7ADF8F8/'.
[2020.04.07-15.17.15:078][  0]LogXGEController: Cannot use XGE Controller as Incredibuild is not installed on this machine.
[2020.04.07-15.17.15:078][  0]LogShaderCompilers: Cannot use XGE Shader Compiler as Incredibuild is not installed on this machine.
[2020.04.07-15.17.15:078][  0]LogShaderCompilers: Display: Using Local Shader Compiler.
[2020.04.07-15.17.15:801][  0]LogDerivedDataCache: Display: Max Cache Size: 512 MB
[2020.04.07-15.17.15:852][  0]LogDerivedDataCache: Loaded boot cache 0.05s 73MB C:/Users/fresh/AppData/Local/UnrealEngine/4.23/DerivedDataCache/Boot.ddc.
[2020.04.07-15.17.15:852][  0]LogDerivedDataCache: Display: Loaded Boot cache: C:/Users/fresh/AppData/Local/UnrealEngine/4.23/DerivedDataCache/Boot.ddc
[2020.04.07-15.17.15:852][  0]LogDerivedDataCache: FDerivedDataBackendGraph:  Pak pak cache file E:/Repos/JumbleJamRepoParty/JumbleJam/DerivedDataCache/DDC.ddp not found, will not use a pak cache.
[2020.04.07-15.17.15:852][  0]LogDerivedDataCache: Unable to find inner node Pak for hierarchical cache Hierarchy.
[2020.04.07-15.17.15:852][  0]LogDerivedDataCache: FDerivedDataBackendGraph:  CompressedPak pak cache file E:/Repos/JumbleJamRepoParty/JumbleJam/DerivedDataCache/Compressed.ddp not found, will not use a pak cache.
[2020.04.07-15.17.15:852][  0]LogDerivedDataCache: Unable to find inner node CompressedPak for hierarchical cache Hierarchy.
[2020.04.07-15.17.15:864][  0]LogDerivedDataCache: Display: Pak cache opened for reading ../../../Engine/DerivedDataCache/Compressed.ddp.
[2020.04.07-15.17.15:864][  0]LogDerivedDataCache: FDerivedDataBackendGraph:  EnterprisePak pak cache file ../../../Enterprise/DerivedDataCache/Compressed.ddp not found, will not use a pak cache.
[2020.04.07-15.17.15:864][  0]LogDerivedDataCache: Unable to find inner node EnterprisePak for hierarchical cache Hierarchy.
[2020.04.07-15.17.15:868][  0]LogDerivedDataCache: Using Local data cache path C:/Users/fresh/AppData/Local/UnrealEngine/Common/DerivedDataCache: Writable
[2020.04.07-15.17.15:868][  0]LogDerivedDataCache: Shared data cache path not found in *engine.ini, will not use an Shared cache.
[2020.04.07-15.17.15:868][  0]LogDerivedDataCache: Unable to find inner node Shared for hierarchical cache Hierarchy.
[2020.04.07-15.17.15:897][  0]LogMaterial: Verifying Global Shaders for PCD3D_SM5
[2020.04.07-15.17.15:900][  0]LogSlate: Using FreeType 2.6.0
[2020.04.07-15.17.15:901][  0]LogSlate: SlateFontServices - WITH_FREETYPE: 1, WITH_HARFBUZZ: 1
[2020.04.07-15.17.16:007][  0]LogAssetRegistry: FAssetRegistry took 0.0027 seconds to start up
[2020.04.07-15.17.16:291][  0]LogInit: Selected Device Profile: [Windows]
[2020.04.07-15.17.16:443][  0]LogMeshReduction: Using QuadricMeshReduction for automatic static mesh reduction
[2020.04.07-15.17.16:443][  0]LogMeshReduction: Using SimplygonMeshReduction for automatic skeletal mesh reduction
[2020.04.07-15.17.16:443][  0]LogMeshReduction: Using ProxyLODMeshReduction for automatic mesh merging
[2020.04.07-15.17.16:443][  0]LogMeshReduction: No distributed automatic mesh merging module available
[2020.04.07-15.17.16:443][  0]LogMeshMerging: No distributed automatic mesh merging module available
[2020.04.07-15.17.16:455][  0]LogNetVersion: JumbleJam 1.0.0, NetCL: 8386587, EngineNetVer: 11, GameNetVer: 0 (Checksum: 4094379267)
[2020.04.07-15.17.17:009][  0]LogPackageLocalizationCache: Processed 13 localized package path(s) for 1 prioritized culture(s) in 0.086633 seconds
[2020.04.07-15.17.17:018][  0]LogUObjectArray: 43444 objects as part of root set at end of initial load.
[2020.04.07-15.17.17:018][  0]LogUObjectAllocator: 7548648 out of 0 bytes used by permanent object pool.
[2020.04.07-15.17.17:018][  0]LogUObjectArray: CloseDisregardForGC: 0/0 objects in disregard for GC pool
[2020.04.07-15.17.18:478][  0]LogTcpMessaging: Initializing TcpMessaging bridge
[2020.04.07-15.17.18:485][  0]LogUdpMessaging: Initializing bridge on interface 0.0.0.0:0 to multicast group 230.0.0.1:6666.
[2020.04.07-15.17.18:565][  0]SourceControl: Source control is disabled
[2020.04.07-15.17.18:566][  0]SourceControl: Source control is disabled
[2020.04.07-15.17.18:568][  0]SourceControl: Source control is disabled
[2020.04.07-15.17.18:570][  0]SourceControl: Source control is disabled
[2020.04.07-15.17.18:723][  0]LogAndroidPermission: UAndroidPermissionCallbackProxy::GetInstance
[2020.04.07-15.17.18:991][  0]LogHoudiniEngine: Starting the Houdini Engine module.
[2020.04.07-15.17.18:992][  0]LogHoudiniEngine: Loaded libHAPIL.dll from Registry path C:/Program Files/Side Effects Software/Houdini 18.0.416/bin
[2020.04.07-15.17.18:993][  0]LogLinker: Warning: Asset '../../Plugins/Runtime/HoudiniEngine/Content/houdini_logo.uasset' has been saved with empty engine version. The asset will be loaded but may be incompatible.
[2020.04.07-15.17.18:995][  0]LogLinker: Warning: Asset '../../Plugins/Runtime/HoudiniEngine/Content/houdini_default_material.uasset' has been saved with empty engine version. The asset will be loaded but may be incompatible.
[2020.04.07-15.17.19:003][  0]LogLinker: Warning: Asset '../../Plugins/Runtime/HoudiniEngine/Content/houdini_bgeo_import.uasset' has been saved with empty engine version. The asset will be loaded but may be incompatible.
[2020.04.07-15.17.19:010][  0]LogOcInput: OculusInput pre-init called
[2020.04.07-15.17.19:018][  0]LogWindows: Failed to load 'OVRPlugin.dll' (GetLastError=126)
[2020.04.07-15.17.19:018][  0]LogWindows: File 'OVRPlugin.dll' does not exist
[2020.04.07-15.17.19:105][  0]LogEngine: Initializing Engine...
[2020.04.07-15.17.19:106][  0]LogHMD: Failed to initialize OpenVR with code 110
[2020.04.07-15.17.19:107][  0]LogStats: UGameplayTagsManager::InitializeManager -  0.000 s
[2020.04.07-15.17.19:394][  0]LogInit: Initializing FReadOnlyCVARCache
[2020.04.07-15.17.19:406][  0]LogAIModule: Creating AISystem for world Untitled
[2020.04.07-15.17.19:548][  0]LogInit: XAudio2 using 'PHL 288P6L (NVIDIA High Definition Audio)' : 2 channels at 48 kHz using 16 bits per sample (channel mask 0x3)
[2020.04.07-15.17.19:575][  0]LogInit: FAudioDevice initialized.
[2020.04.07-15.17.19:575][  0]LogNetVersion: Set ProjectVersion to 1.0.0.0. Version Checksum will be recalculated on next use.
[2020.04.07-15.17.19:653][  0]LogDerivedDataCache: Saved boot cache 0.08s 73MB C:/Users/fresh/AppData/Local/UnrealEngine/4.23/DerivedDataCache/Boot.ddc.
[2020.04.07-15.17.19:661][  0]LogInit: Texture streaming: Enabled
[2020.04.07-15.17.19:683][  0]LogEngineSessionManager: EngineSessionManager initialized
[2020.04.07-15.17.19:684][  0]LogEditorSessionSummary: Verbose: Initializing EditorSessionSummaryWriter for editor session tracking
[2020.04.07-15.17.19:688][  0]LogEditorSessionSummary: EditorSessionSummaryWriter initialized
[2020.04.07-15.17.19:840][  0]LogInit: Transaction tracking system initialized
[2020.04.07-15.17.19:868][  0]BlueprintLog: New page: Editor Load
[2020.04.07-15.17.19:952][  0]LocalizationService: Localization service is disabled
[2020.04.07-15.17.20:315][  0]LogFileCache: Scanning file cache for directory 'E:/Repos/JumbleJamRepoParty/JumbleJam/Content/' took 0.01s
[2020.04.07-15.17.20:315][  0]LogCook: Display: Max memory allowance for cook 16384mb min free memory 0mb
[2020.04.07-15.17.20:315][  0]LogCook: Display: Mobile HDR setting 1
[2020.04.07-15.17.20:483][  0]LogHoudiniEngineEditor: Starting the Houdini Engine Editor module.
[2020.04.07-15.17.20:487][  0]LogHoudiniEngineEditor: Houdini Engine Editor module startup complete.
[2020.04.07-15.17.20:631][  0]SourceControl: Source control is disabled
[2020.04.07-15.17.20:632][  0]Cmd: MAP LOAD FILE="../../../Engine/Content/Maps/Templates/Template_Default.umap" TEMPLATE=1 SHOWPROGRESS=1 FEATURELEVEL=3
[2020.04.07-15.17.20:633][  0]LightingResults: New page: Lighting Build
[2020.04.07-15.17.20:637][  0]LogWorld: UWorld::CleanupWorld for Untitled, bSessionEnded=true, bCleanupResources=true
[2020.04.07-15.17.20:637][  0]MapCheck: New page: Map Check
[2020.04.07-15.17.20:637][  0]LightingResults: New page: Lighting Build
[2020.04.07-15.17.20:667][  0]LogUObjectHash: Compacting FUObjectHashTables data took   2.68ms
[2020.04.07-15.17.20:778][  0]LogAIModule: Creating AISystem for world Untitled_1
[2020.04.07-15.17.20:785][  0]LogEditorServer: Finished looking for orphan Actors (0.000 secs)
[2020.04.07-15.17.20:814][  0]LogUObjectHash: Compacting FUObjectHashTables data took   2.30ms
[2020.04.07-15.17.20:814][  0]Cmd: MAP CHECKDEP NOCLEARLOG
[2020.04.07-15.17.20:814][  0]MapCheck: Map check complete: 0 Error(s), 0 Warning(s), took 0.167ms to complete.
[2020.04.07-15.17.20:814][  0]LogFileHelpers: Loading map 'Template_Default' took 0.183
[2020.04.07-15.17.21:161][  0]LogSlate: Updating window title bar state: overlay mode, drag disabled, window buttons hidden, title bar hidden
[2020.04.07-15.17.21:169][  0]LogSlate: Updating window title bar state: overlay mode, drag disabled, window buttons hidden, title bar hidden
[2020.04.07-15.17.21:175][  0]LogSlate: Updating window title bar state: overlay mode, drag disabled, window buttons hidden, title bar hidden
[2020.04.07-15.17.21:183][  0]LogSlate: Updating window title bar state: overlay mode, drag disabled, window buttons hidden, title bar hidden
[2020.04.07-15.17.21:241][  0]LogCollectionManager: Loaded 0 collections in 0.000755 seconds
[2020.04.07-15.17.21:251][  0]LogFileCache: Scanning file cache for directory 'E:/Repos/JumbleJamRepoParty/JumbleJam/Saved/Collections/' took 0.00s
[2020.04.07-15.17.21:251][  0]LogFileCache: Scanning file cache for directory 'E:/Repos/JumbleJamRepoParty/JumbleJam/Content/Developers/fresh/Collections/' took 0.00s
[2020.04.07-15.17.21:251][  0]LogFileCache: Scanning file cache for directory 'E:/Repos/JumbleJamRepoParty/JumbleJam/Content/Collections/' took 0.00s
[2020.04.07-15.17.21:251][  0]LogCollectionManager: Rebuilt the GUID cache for 0 collections in 0.000002 seconds
[2020.04.07-15.17.21:259][  0]LogContentBrowser: Native class hierarchy populated in 0.0073 seconds. Added 2900 classes and 687 folders.
[2020.04.07-15.17.21:265][  0]LogContentBrowser: Native class hierarchy updated for 'WidgetCarousel' in 0.0002 seconds. Added 0 classes and 0 folders.
[2020.04.07-15.17.22:386][  0]LogContentBrowser: Native class hierarchy updated for 'AddContentDialog' in 0.0003 seconds. Added 0 classes and 0 folders.
[2020.04.07-15.17.22:434][  0]LogContentBrowser: Native class hierarchy updated for 'SceneOutliner' in 0.0003 seconds. Added 1 classes and 2 folders.
[2020.04.07-15.17.22:716][  0]LogSlate: Took 0.000667 seconds to synchronously load lazily loaded font '../../../Engine/Content/Slate/Fonts/Roboto-Regular.ttf' (155K)
[2020.04.07-15.17.22:718][  0]LogSlate: Took 0.000509 seconds to synchronously load lazily loaded font '../../../Engine/Content/Slate/Fonts/Roboto-Bold.ttf' (160K)
[2020.04.07-15.17.22:743][  0]LogSlate: Took 0.019442 seconds to synchronously load lazily loaded font '../../../Engine/Content/Editor/Slate/Fonts/FontAwesome.ttf' (139K)
[2020.04.07-15.17.23:053][  0]LogRenderer: Reallocating scene render targets to support 1752x808 Format 10 NumSamples 1 (Frame:1).
[2020.04.07-15.17.23:137][  0]LogContentBrowser: Native class hierarchy updated for 'HierarchicalLODOutliner' in 0.0002 seconds. Added 0 classes and 0 folders.
[2020.04.07-15.17.23:137][  0]LogLoad: (Engine Initialization) Total time: 10.72 seconds
[2020.04.07-15.17.23:137][  0]LogLoad: (Engine Initialization) Total Blueprint compile time: 0.00 seconds
[2020.04.07-15.17.23:196][  0]LogAssetRegistry: Asset discovery search completed in 7.1899 seconds
[2020.04.07-15.17.23:201][  0]LogCollectionManager: Rebuilt the object cache for 0 collections in 0.000005 seconds (found 0 objects)
[2020.04.07-15.17.23:201][  0]LogCollectionManager: Fixed up redirectors for 0 collections in 0.000059 seconds (updated 0 objects)
[2020.04.07-15.17.23:201][  0]LogContentStreaming: Texture pool size now 1000 MB
[2020.04.07-15.17.43:075][434]LogSlate: FSceneViewport::OnFocusLost() reason 0
[2020.04.07-15.17.43:258][450]LogActorFactory: Actor Factory created Cube
[2020.04.07-15.17.44:335][563]LogActorFactory: Actor Factory created Cube
[2020.04.07-15.18.36:847][707]LogEditorViewport: Clicking on Actor (LMB): StaticMeshActor (Cube)
[2020.04.07-15.18.46:137][741]LogSlate: FSceneViewport::OnFocusLost() reason 5
[2020.04.07-15.18.48:913][ 68]LogSlate: FSceneViewport::OnFocusLost() reason 5
[2020.04.07-15.19.00:759][ 68]LogSlate: Window 'Save Level As' being destroyed
[2020.04.07-15.19.00:871][ 68]LogSlate: Took 0.098997 seconds to synchronously load lazily loaded font '../../../Engine/Content/Slate/Fonts/Roboto-Light.ttf' (167K)
[2020.04.07-15.19.00:876][ 68]LogSlate: FSceneViewport::OnFocusLost() reason 5
[2020.04.07-15.19.00:929][ 68]LogUObjectHash: Compacting FUObjectHashTables data took   1.95ms
[2020.04.07-15.19.00:931][ 68]Cmd: OBJ SAVEPACKAGE PACKAGE="/Game/Sound_test" FILE="E:/Repos/JumbleJamRepoParty/JumbleJam/Content/Sound_test.umap" SILENT=true AUTOSAVING=false KEEPDIRTY=false
[2020.04.07-15.19.00:956][ 68]LogUObjectHash: Compacting FUObjectHashTables data took   1.65ms
[2020.04.07-15.19.01:049][ 68]LogSavePackage: Moving 'E:/Repos/JumbleJamRepoParty/JumbleJam/Saved/Sound_test4AED3D0D42645E3B66B67C85C3B2A67B.tmp' to 'E:/Repos/JumbleJamRepoParty/JumbleJam/Content/Sound_test.umap'
[2020.04.07-15.19.01:086][ 68]Cmd: OBJ SAVEPACKAGE PACKAGE="/Game/Sound_test_BuiltData" FILE="E:/Repos/JumbleJamRepoParty/JumbleJam/Content/Sound_test_BuiltData.uasset" SILENT=true
[2020.04.07-15.19.01:115][ 68]LogSavePackage: Moving 'E:/Repos/JumbleJamRepoParty/JumbleJam/Saved/Sound_test_BuiltData3DF1593949ED96AB46CB9180F4D328C0.tmp' to 'E:/Repos/JumbleJamRepoParty/JumbleJam/Content/Sound_test_BuiltData.uasset'
[2020.04.07-15.19.01:124][ 68]LogFileHelpers: Saving map 'Sound_test' took 0.358
[2020.04.07-15.19.01:126][ 68]Cmd: MAP LOAD FILE="E:/Repos/JumbleJamRepoParty/JumbleJam/Content/Sound_test.umap" TEMPLATE=0 SHOWPROGRESS=1 FEATURELEVEL=3
[2020.04.07-15.19.01:134][ 68]LogSlate: FSceneViewport::OnFocusLost() reason 5
[2020.04.07-15.19.01:144][ 68]LightingResults: New page: Lighting Build
[2020.04.07-15.19.01:145][ 68]LoadErrors: New page: Loading map: Sound_test.umap
[2020.04.07-15.19.01:146][ 68]LogWorld: UWorld::CleanupWorld for Sound_test, bSessionEnded=true, bCleanupResources=true
[2020.04.07-15.19.01:148][ 68]MapCheck: New page: Map Check
[2020.04.07-15.19.01:148][ 68]LightingResults: New page: Lighting Build
[2020.04.07-15.19.01:172][ 68]LogUObjectHash: Compacting FUObjectHashTables data took   2.17ms
[2020.04.07-15.19.01:203][ 68]LogAIModule: Creating AISystem for world Sound_test
[2020.04.07-15.19.01:262][ 68]LogEditorServer: Finished looking for orphan Actors (0.000 secs)
[2020.04.07-15.19.01:292][ 68]LogUObjectHash: Compacting FUObjectHashTables data took   1.26ms
[2020.04.07-15.19.01:309][ 68]Cmd: MAP CHECKDEP NOCLEARLOG
[2020.04.07-15.19.01:309][ 68]MapCheck: Map check complete: 0 Error(s), 0 Warning(s), took 0.055ms to complete.
[2020.04.07-15.19.01:309][ 68]LogFileHelpers: Loading map 'Sound_test' took 0.184
[2020.04.07-15.19.04:993][477]LogSlate: FSceneViewport::OnFocusLost() reason 0
[2020.04.07-15.19.05:168][497]LogAssetEditorManager: Opening Asset editor for World /Game/Sound_test.Sound_test
[2020.04.07-15.19.05:189][497]LogUObjectHash: Compacting FUObjectHashTables data took   0.60ms
[2020.04.07-15.19.05:190][497]Cmd: MAP LOAD FILE="E:/Repos/JumbleJamRepoParty/JumbleJam/Content/Sound_test.umap" TEMPLATE=0 SHOWPROGRESS=1 FEATURELEVEL=3
[2020.04.07-15.19.05:190][497]LightingResults: New page: Lighting Build
[2020.04.07-15.19.05:191][497]LoadErrors: New page: Loading map: Sound_test.umap
[2020.04.07-15.19.05:191][497]LogWorld: UWorld::CleanupWorld for Sound_test, bSessionEnded=true, bCleanupResources=true
[2020.04.07-15.19.05:191][497]MapCheck: New page: Map Check
[2020.04.07-15.19.05:191][497]LightingResults: New page: Lighting Build
[2020.04.07-15.19.05:214][497]LogUObjectHash: Compacting FUObjectHashTables data took   1.38ms
[2020.04.07-15.19.05:224][497]LogAIModule: Creating AISystem for world Sound_test
[2020.04.07-15.19.05:297][497]LogEditorServer: Finished looking for orphan Actors (0.000 secs)
[2020.04.07-15.19.05:320][497]LogUObjectHash: Compacting FUObjectHashTables data took   1.96ms
[2020.04.07-15.19.05:332][497]Cmd: MAP CHECKDEP NOCLEARLOG
[2020.04.07-15.19.05:332][497]MapCheck: Map check complete: 0 Error(s), 0 Warning(s), took 0.085ms to complete.
[2020.04.07-15.19.05:333][497]LogFileHelpers: Loading map 'Sound_test' took 0.144
[2020.04.07-15.19.06:106][586]LogSlate: FSceneViewport::OnFocusLost() reason 0
[2020.04.07-15.19.06:265][604]LogAssetEditorManager: Opening Asset editor for MapBuildDataRegistry /Game/Sound_test_BuiltData.Sound_test_BuiltData
[2020.04.07-15.19.07:739][776]LogSlate: Window 'Sound_test_BuiltData' being destroyed
[2020.04.07-15.19.07:745][776]LogSlate: Window 'Sound_test_BuiltData' being destroyed
[2020.04.07-15.19.09:384][970]LogSlate: FSceneViewport::OnFocusLost() reason 2
[2020.04.07-15.19.29:585][333]LogSlate: FSceneViewport::OnFocusLost() reason 0
[2020.04.07-15.19.31:443][555]LogTemp: Repeating last play command: Selected Viewport
[2020.04.07-15.19.31:522][555]LogBlueprintUserMessages: Early PlayInEditor Detection: Level '/Game/Sound_test.Sound_test:PersistentLevel' has LevelScriptBlueprint '/Game/Sound_test.Sound_test:PersistentLevel.Sound_test' with GeneratedClass '/Game/Sound_test.Sound_test_C' with ClassGeneratedBy '/Game/Sound_test.Sound_test:PersistentLevel.Sound_test'
[2020.04.07-15.19.31:522][555]LogPlayLevel: PlayLevel: No blueprints needed recompiling
[2020.04.07-15.19.31:523][555]PIE: New page: PIE session: Sound_test (7 Apr 2020 17:19:31)
[2020.04.07-15.19.31:523][555]LogOnline: OSS: Creating online subsystem instance for: NULL
[2020.04.07-15.19.31:525][555]LogPlayLevel: Creating play world package: /Game/UEDPIE_0_Sound_test
[2020.04.07-15.19.31:527][555]LogPlayLevel: PIE: StaticDuplicateObject took: (0.002307s)
[2020.04.07-15.19.31:528][555]LogAIModule: Creating AISystem for world Sound_test
[2020.04.07-15.19.31:529][555]LogPlayLevel: PIE: World Init took: (0.001231s)
[2020.04.07-15.19.31:529][555]LogPlayLevel: PIE: Created PIE world by copying editor world from /Game/Sound_test.Sound_test to /Game/UEDPIE_0_Sound_test.Sound_test (0.003747s)
[2020.04.07-15.19.31:551][555]LogUObjectHash: Compacting FUObjectHashTables data took   1.73ms
[2020.04.07-15.19.31:609][555]LogInit: XAudio2 using 'PHL 288P6L (NVIDIA High Definition Audio)' : 2 channels at 48 kHz using 16 bits per sample (channel mask 0x3)
[2020.04.07-15.19.31:626][555]LogInit: FAudioDevice initialized.
[2020.04.07-15.19.31:634][555]LogLoad: Game class is 'GameModeBase'
[2020.04.07-15.19.31:635][555]LogWorld: Bringing World /Game/UEDPIE_0_Sound_test.Sound_test up for play (max tick rate 0) at 2020.04.07-16.19.31
[2020.04.07-15.19.31:636][555]LogWorld: Bringing up level for play took: 0.000554
[2020.04.07-15.19.31:636][555]LogOnline: OSS: Creating online subsystem instance for: :Context_3
[2020.04.07-15.19.31:679][555]LogContentBrowser: Native class hierarchy updated for 'MovieSceneCapture' in 0.0003 seconds. Added 20 classes and 0 folders.
[2020.04.07-15.19.31:681][555]PIE: Play in editor start time for /Game/UEDPIE_0_Sound_test 0.924
[2020.04.07-15.19.31:681][555]LogBlueprintUserMessages: Late PlayInEditor Detection: Level '/Game/Sound_test.Sound_test:PersistentLevel' has LevelScriptBlueprint '/Game/Sound_test.Sound_test:PersistentLevel.Sound_test' with GeneratedClass '/Game/Sound_test.Sound_test_C' with ClassGeneratedBy '/Game/Sound_test.Sound_test:PersistentLevel.Sound_test'
[2020.04.07-15.19.37:066][197]LogBlueprintUserMessages: Early EndPlayMap Detection: Level '/Game/Sound_test.Sound_test:PersistentLevel' has LevelScriptBlueprint '/Game/Sound_test.Sound_test:PersistentLevel.Sound_test' with GeneratedClass '/Game/Sound_test.Sound_test_C' with ClassGeneratedBy '/Game/Sound_test.Sound_test:PersistentLevel.Sound_test'
[2020.04.07-15.19.37:066][197]LogSlate: Updating window title bar state: overlay mode, drag disabled, window buttons hidden, title bar hidden
[2020.04.07-15.19.37:066][197]LogWorld: BeginTearingDown for /Game/UEDPIE_0_Sound_test
[2020.04.07-15.19.37:066][197]LogWorld: UWorld::CleanupWorld for Sound_test, bSessionEnded=true, bCleanupResources=true
[2020.04.07-15.19.37:076][197]LogPlayLevel: Display: Shutting down PIE online subsystems
[2020.04.07-15.19.37:076][197]LogBlueprintUserMessages: Late EndPlayMap Detection: Level '/Game/Sound_test.Sound_test:PersistentLevel' has LevelScriptBlueprint '/Game/Sound_test.Sound_test:PersistentLevel.Sound_test' with GeneratedClass '/Game/Sound_test.Sound_test_C' with ClassGeneratedBy '/Game/Sound_test.Sound_test:PersistentLevel.Sound_test'
[2020.04.07-15.19.37:102][197]LogSlate: Updating window title bar state: overlay mode, drag disabled, window buttons hidden, title bar hidden
[2020.04.07-15.19.37:105][197]LogUObjectHash: Compacting FUObjectHashTables data took   1.81ms
[2020.04.07-15.19.37:169][201]LogPlayLevel: Display: Destroying online subsystem :Context_3
[2020.04.07-15.19.43:533][961]LogSlate: FSceneViewport::OnFocusLost() reason 0
[2020.04.07-15.19.47:749][422]LogSlate: FSceneViewport::OnFocusLost() reason 0
[2020.04.07-15.19.47:857][435]LogTemp: Repeating last play command: Selected Viewport
[2020.04.07-15.19.47:862][435]LogBlueprintUserMessages: Early PlayInEditor Detection: Level '/Game/Sound_test.Sound_test:PersistentLevel' has LevelScriptBlueprint '/Game/Sound_test.Sound_test:PersistentLevel.Sound_test' with GeneratedClass '/Game/Sound_test.Sound_test_C' with ClassGeneratedBy '/Game/Sound_test.Sound_test:PersistentLevel.Sound_test'
[2020.04.07-15.19.47:862][435]LogPlayLevel: PlayLevel: No blueprints needed recompiling
[2020.04.07-15.19.47:863][435]PIE: New page: PIE session: Sound_test (7 Apr 2020 17:19:47)
[2020.04.07-15.19.47:863][435]LogPlayLevel: Creating play world package: /Game/UEDPIE_0_Sound_test
[2020.04.07-15.19.47:865][435]LogPlayLevel: PIE: StaticDuplicateObject took: (0.002265s)
[2020.04.07-15.19.47:866][435]LogAIModule: Creating AISystem for world Sound_test
[2020.04.07-15.19.47:866][435]LogPlayLevel: PIE: World Init took: (0.000913s)
[2020.04.07-15.19.47:866][435]LogPlayLevel: PIE: Created PIE world by copying editor world from /Game/Sound_test.Sound_test to /Game/UEDPIE_0_Sound_test.Sound_test (0.003283s)
[2020.04.07-15.19.47:889][435]LogUObjectHash: Compacting FUObjectHashTables data took   1.79ms
[2020.04.07-15.19.47:945][435]LogInit: XAudio2 using 'PHL 288P6L (NVIDIA High Definition Audio)' : 2 channels at 48 kHz using 16 bits per sample (channel mask 0x3)
[2020.04.07-15.19.47:964][435]LogInit: FAudioDevice initialized.
[2020.04.07-15.19.47:970][435]LogLoad: Game class is 'GameModeBase'
[2020.04.07-15.19.47:971][435]LogWorld: Bringing World /Game/UEDPIE_0_Sound_test.Sound_test up for play (max tick rate 0) at 2020.04.07-16.19.47
[2020.04.07-15.19.47:971][435]LogWorld: Bringing up level for play took: 0.000949
[2020.04.07-15.19.47:972][435]LogOnline: OSS: Creating online subsystem instance for: :Context_4
[2020.04.07-15.19.47:975][435]PIE: Play in editor start time for /Game/UEDPIE_0_Sound_test -0.782
[2020.04.07-15.19.47:975][435]LogBlueprintUserMessages: Late PlayInEditor Detection: Level '/Game/Sound_test.Sound_test:PersistentLevel' has LevelScriptBlueprint '/Game/Sound_test.Sound_test:PersistentLevel.Sound_test' with GeneratedClass '/Game/Sound_test.Sound_test_C' with ClassGeneratedBy '/Game/Sound_test.Sound_test:PersistentLevel.Sound_test'
[2020.04.07-15.19.50:915][784]LogBlueprintUserMessages: Early EndPlayMap Detection: Level '/Game/Sound_test.Sound_test:PersistentLevel' has LevelScriptBlueprint '/Game/Sound_test.Sound_test:PersistentLevel.Sound_test' with GeneratedClass '/Game/Sound_test.Sound_test_C' with ClassGeneratedBy '/Game/Sound_test.Sound_test:PersistentLevel.Sound_test'
[2020.04.07-15.19.50:915][784]LogSlate: Updating window title bar state: overlay mode, drag disabled, window buttons hidden, title bar hidden
[2020.04.07-15.19.50:915][784]LogWorld: BeginTearingDown for /Game/UEDPIE_0_Sound_test
[2020.04.07-15.19.50:915][784]LogWorld: UWorld::CleanupWorld for Sound_test, bSessionEnded=true, bCleanupResources=true
[2020.04.07-15.19.50:925][784]LogPlayLevel: Display: Shutting down PIE online subsystems
[2020.04.07-15.19.50:925][784]LogBlueprintUserMessages: Late EndPlayMap Detection: Level '/Game/Sound_test.Sound_test:PersistentLevel' has LevelScriptBlueprint '/Game/Sound_test.Sound_test:PersistentLevel.Sound_test' with GeneratedClass '/Game/Sound_test.Sound_test_C' with ClassGeneratedBy '/Game/Sound_test.Sound_test:PersistentLevel.Sound_test'
[2020.04.07-15.19.50:951][784]LogSlate: Updating window title bar state: overlay mode, drag disabled, window buttons hidden, title bar hidden
[2020.04.07-15.19.50:953][784]LogUObjectHash: Compacting FUObjectHashTables data took   1.29ms
[2020.04.07-15.19.51:021][788]LogPlayLevel: Display: Destroying online subsystem :Context_4
[2020.04.07-15.19.53:533][ 88]Cmd: TRANSACTION UNDO
[2020.04.07-15.19.53:533][ 88]LogEditorTransaction: Undo Move Actors
[2020.04.07-15.19.54:084][150]Cmd: TRANSACTION UNDO
[2020.04.07-15.19.54:084][150]LogEditorTransaction: Undo Create Actors
[2020.04.07-15.20.01:273][  0]LogSlate: FSceneViewport::OnFocusLost() reason 0
[2020.04.07-15.20.07:352][727]LogEditorViewport: Clicking on Actor (LMB): StaticMeshActor (Cube)
[2020.04.07-15.20.31:817][322]LogSlate: FSceneViewport::OnFocusLost() reason 0
[2020.04.07-15.21.18:103][285]LogSlate: FSceneViewport::OnFocusLost() reason 5
[2020.04.07-15.21.19:775][477]LogSlate: FSceneViewport::OnFocusLost() reason 5
[2020.04.07-15.21.23:286][882]LogSlate: Window 'Open Level' being destroyed
